#
# There is insufficient memory for the Java Runtime Environment to continue.
# Native memory allocation (mmap) failed to map 99614720 bytes for committing reserved memory.
# Possible reasons:
#   The system is out of physical RAM or swap space
#   In 32 bit mode, the process size limit was hit
# Possible solutions:
#   Reduce memory load on the system
#   Increase physical memory or swap space
#   Check if swap backing store is full
#   Use 64 bit Java on a 64 bit OS
#   Decrease Java heap size (-Xmx/-Xms)
#   Decrease number of Java threads
#   Decrease Java thread stack sizes (-Xss)
#   Set larger code cache with -XX:ReservedCodeCacheSize=
# This output file may be truncated or incomplete.
#
#  Out of Memory Error (os_linux.cpp:2627), pid=3539, tid=1951247168
#
# JRE version: Java(TM) SE Runtime Environment (8.0_91-b14) (build 1.8.0_91-b14)
# Java VM: Java HotSpot(TM) Server VM (25.91-b14 mixed mode linux-x86 )
# Failed to write core dump. Core dumps have been disabled. To enable core dumping, try "ulimit -c unlimited" before starting Java again
#

---------------  T H R E A D  ---------------

Current thread (0x74388c00):  VMThread [stack: 0x7445a000,0x744db000] [id=3549]

Stack: [0x7445a000,0x744db000],  sp=0x744d9690,  free space=509k
Native frames: (J=compiled Java code, j=interpreted, Vv=VM code, C=native code)
V  [libjvm.so+0x8cff4f]  VMError::report_and_die()+0x16f
V  [libjvm.so+0x38d165]  report_vm_out_of_memory(char const*, int, unsigned int, VMErrorType, char const*)+0x55
V  [libjvm.so+0x7536d6]  os::Linux::commit_memory_impl(char*, unsigned int, bool)+0xe6
V  [libjvm.so+0x753ba8]  os::pd_commit_memory(char*, unsigned int, unsigned int, bool)+0x28
V  [libjvm.so+0x74dacc]  os::commit_memory(char*, unsigned int, unsigned int, bool)+0x2c
V  [libjvm.so+0x7b8608]  PSVirtualSpace::expand_by(unsigned int)+0x48
V  [libjvm.so+0x7b970a]  PSYoungGen::resize_generation(unsigned int, unsigned int)+0xda
V  [libjvm.so+0x7b8a39]  PSYoungGen::resize(unsigned int, unsigned int)+0x19
V  [libjvm.so+0x7b6365]  PSScavenge::invoke_no_policy()+0xd15
V  [libjvm.so+0x7b2565]  PSParallelCompact::invoke(bool)+0x75
V  [libjvm.so+0x321ffd]  CollectedHeap::collect_as_vm_thread(GCCause::Cause)+0xed
V  [libjvm.so+0x8d1515]  VM_CollectForMetadataAllocation::doit()+0x145
V  [libjvm.so+0x8db027]  VM_Operation::evaluate()+0x47
V  [libjvm.so+0x8d9103]  VMThread::evaluate_operation(VM_Operation*)+0xb3
V  [libjvm.so+0x8d94a0]  VMThread::loop()+0x1b0
V  [libjvm.so+0x8d9905]  VMThread::run()+0x85
V  [libjvm.so+0x755d19]  java_start(Thread*)+0x119
C  [libpthread.so.0+0x6295]  start_thread+0xe5

VM_Operation (0xb668e25c): CollectForMetadataAllocation, mode: safepoint, requested by thread 0xb650d000


---------------  P R O C E S S  ---------------

Java Threads: ( => current thread )
  0x743b2400 JavaThread "Service Thread" daemon [_thread_blocked, id=3556, stack(0x74409000,0x7445a000)]
  0x743af400 JavaThread "C1 CompilerThread2" daemon [_thread_blocked, id=3555, stack(0x73d7d000,0x73dfe000)]
  0x743ae000 JavaThread "C2 CompilerThread1" daemon [_thread_blocked, id=3554, stack(0x73dfe000,0x73e7f000)]
  0x743ac000 JavaThread "C2 CompilerThread0" daemon [_thread_blocked, id=3553, stack(0x73e7f000,0x73f00000)]
  0x743aa800 JavaThread "Signal Dispatcher" daemon [_thread_blocked, id=3552, stack(0x7672e000,0x7677f000)]
  0x74390400 JavaThread "Finalizer" daemon [_thread_blocked, id=3551, stack(0x7692e000,0x7697f000)]
  0x7438d400 JavaThread "Reference Handler" daemon [_thread_blocked, id=3550, stack(0x76b2e000,0x76b7f000)]
  0xb650d000 JavaThread "main" [_thread_blocked, id=3541, stack(0xb6641000,0xb6692000)]

Other Threads:
=>0x74388c00 VMThread [stack: 0x7445a000,0x744db000] [id=3549]
  0x743b5400 WatcherThread [stack: 0x73cfc000,0x73d7d000] [id=3557]

VM state:at safepoint (normal execution)

VM Mutex/Monitor currently owned by a thread:  ([mutex/lock_event])
[0xb650a680] Threads_lock - owner thread: 0x74388c00
[0xb650aa90] Heap_lock - owner thread: 0xb650d000

Heap:
 PSYoungGen      total 107520K, used 5196K [0x97000000, 0x9e200000, 0xa7000000)
  eden space 98304K, 0% used [0x97000000,0x97000000,0x9d000000)
  from space 9216K, 56% used [0x9d000000,0x9d5131f0,0x9d900000)
  to   space 8704K, 0% used [0x9d980000,0x9d980000,0x9e200000)
 ParOldGen       total 32768K, used 15985K [0x77000000, 0x79000000, 0x97000000)
  object space 32768K, 48% used [0x77000000,0x77f9c730,0x79000000)
 Metaspace       used 16192K, capacity 16378K, committed 16384K, reserved 16688K

Card table byte_map: [0x76e7f000,0x77000000] byte_map_base: 0x76ac7000

Marking Bits: (ParMarkBitMap*) 0xb70eabc0
 Begin Bits: [0x74e00000, 0x75a00000)
 End Bits:   [0x75a00000, 0x76600000)

Polling page: 0xb76fa000

CodeCache: size=245760Kb used=7099Kb max_used=7113Kb free=238660Kb
 bounds [0xa749e000, 0xa7b96000, 0xb649e000]
 total_blobs=2585 nmethods=2398 adapters=100
 compilation: enabled

Compilation events (10 events):
Event: 11.535 Thread 0x743af400 nmethod 2415 0xa7b84248 code [0xa7b84360, 0xa7b84440]
Event: 11.540 Thread 0x743ae000 nmethod 2412% 0xa7b8db88 code [0xa7b8dd00, 0xa7b8e77c]
Event: 11.540 Thread 0x743ae000 2419       4       java.lang.ref.Reference::<init> (25 bytes)
Event: 11.541 Thread 0x743af400 2418       3       java.util.concurrent.ConcurrentHashMap::remove (8 bytes)
Event: 11.541 Thread 0x743ae000 nmethod 2419 0xa7b84088 code [0xa7b84180, 0xa7b841f0]
Event: 11.541 Thread 0x743af400 nmethod 2418 0xa7b8d888 code [0xa7b8d9a0, 0xa7b8db0c]
Event: 11.695 Thread 0x743ac000 2421       4       org.springframework.beans.factory.support.AbstractAutowireCapableBeanFactory::predictBeanType (126 bytes)
Event: 11.695 Thread 0x743ae000 2420       4       org.springframework.beans.factory.support.AbstractBeanFactory::getMergedLocalBeanDefinition (31 bytes)
Event: 11.703 Thread 0x743ac000 nmethod 2421 0xa7b8eec8 code [0xa7b8f020, 0xa7b8f4e4]
Event: 11.719 Thread 0x743ae000 nmethod 2420 0xa7b8a748 code [0xa7b8a940, 0xa7b8b578]

GC Heap History (10 events):
Event: 1.093 GC heap after
Heap after GC invocations=2 (full 0):
 PSYoungGen      total 26624K, used 2032K [0x97000000, 0x98c00000, 0xa7000000)
  eden space 24576K, 0% used [0x97000000,0x97000000,0x98800000)
  from space 2048K, 99% used [0x98a00000,0x98bfc390,0x98c00000)
  to   space 2048K, 0% used [0x98800000,0x98800000,0x98a00000)
 ParOldGen       total 32768K, used 491K [0x77000000, 0x79000000, 0x97000000)
  object space 32768K, 1% used [0x77000000,0x7707af98,0x79000000)
 Metaspace       used 4872K, capacity 4901K, committed 5016K, reserved 5424K
}
Event: 1.716 GC heap before
{Heap before GC invocations=3 (full 0):
 PSYoungGen      total 26624K, used 26608K [0x97000000, 0x98c00000, 0xa7000000)
  eden space 24576K, 100% used [0x97000000,0x98800000,0x98800000)
  from space 2048K, 99% used [0x98a00000,0x98bfc390,0x98c00000)
  to   space 2048K, 0% used [0x98800000,0x98800000,0x98a00000)
 ParOldGen       total 32768K, used 491K [0x77000000, 0x79000000, 0x97000000)
  object space 32768K, 1% used [0x77000000,0x7707af98,0x79000000)
 Metaspace       used 7170K, capacity 7205K, committed 7320K, reserved 7472K
Event: 1.739 GC heap after
Heap after GC invocations=3 (full 0):
 PSYoungGen      total 26624K, used 2041K [0x97000000, 0x9a400000, 0xa7000000)
  eden space 24576K, 0% used [0x97000000,0x97000000,0x98800000)
  from space 2048K, 99% used [0x98800000,0x989fe4d0,0x98a00000)
  to   space 2048K, 0% used [0x9a200000,0x9a200000,0x9a400000)
 ParOldGen       total 32768K, used 6008K [0x77000000, 0x79000000, 0x97000000)
  object space 32768K, 18% used [0x77000000,0x775de3d0,0x79000000)
 Metaspace       used 7170K, capacity 7205K, committed 7320K, reserved 7472K
}
Event: 2.231 GC heap before
{Heap before GC invocations=4 (full 0):
 PSYoungGen      total 26624K, used 26617K [0x97000000, 0x9a400000, 0xa7000000)
  eden space 24576K, 100% used [0x97000000,0x98800000,0x98800000)
  from space 2048K, 99% used [0x98800000,0x989fe4d0,0x98a00000)
  to   space 2048K, 0% used [0x9a200000,0x9a200000,0x9a400000)
 ParOldGen       total 32768K, used 6008K [0x77000000, 0x79000000, 0x97000000)
  object space 32768K, 18% used [0x77000000,0x775de3d0,0x79000000)
 Metaspace       used 9846K, capacity 9893K, committed 10008K, reserved 10544K
Event: 2.281 GC heap after
Heap after GC invocations=4 (full 0):
 PSYoungGen      total 51200K, used 2044K [0x97000000, 0x9a400000, 0xa7000000)
  eden space 49152K, 0% used [0x97000000,0x97000000,0x9a000000)
  from space 2048K, 99% used [0x9a200000,0x9a3ff118,0x9a400000)
  to   space 2048K, 0% used [0x9a000000,0x9a000000,0x9a200000)
 ParOldGen       total 32768K, used 10073K [0x77000000, 0x79000000, 0x97000000)
  object space 32768K, 30% used [0x77000000,0x779d6510,0x79000000)
 Metaspace       used 9846K, capacity 9893K, committed 10008K, reserved 10544K
}
Event: 4.179 GC heap before
{Heap before GC invocations=5 (full 0):
 PSYoungGen      total 51200K, used 51196K [0x97000000, 0x9a400000, 0xa7000000)
  eden space 49152K, 100% used [0x97000000,0x9a000000,0x9a000000)
  from space 2048K, 99% used [0x9a200000,0x9a3ff118,0x9a400000)
  to   space 2048K, 0% used [0x9a000000,0x9a000000,0x9a200000)
 ParOldGen       total 32768K, used 10073K [0x77000000, 0x79000000, 0x97000000)
  object space 32768K, 30% used [0x77000000,0x779d6510,0x79000000)
 Metaspace       used 13372K, capacity 13423K, committed 13464K, reserved 13616K
Event: 4.192 GC heap after
Heap after GC invocations=5 (full 0):
 PSYoungGen      total 51200K, used 2036K [0x97000000, 0x9e300000, 0xa7000000)
  eden space 49152K, 0% used [0x97000000,0x97000000,0x9a000000)
  from space 2048K, 99% used [0x9a000000,0x9a1fd118,0x9a200000)
  to   space 9728K, 0% used [0x9d980000,0x9d980000,0x9e300000)
 ParOldGen       total 32768K, used 15506K [0x77000000, 0x79000000, 0x97000000)
  object space 32768K, 47% used [0x77000000,0x77f24890,0x79000000)
 Metaspace       used 13372K, capacity 13423K, committed 13464K, reserved 13616K
}
Event: 5.205 GC heap before
{Heap before GC invocations=6 (full 0):
 PSYoungGen      total 51200K, used 51188K [0x97000000, 0x9e300000, 0xa7000000)
  eden space 49152K, 100% used [0x97000000,0x9a000000,0x9a000000)
  from space 2048K, 99% used [0x9a000000,0x9a1fd118,0x9a200000)
  to   space 9728K, 0% used [0x9d980000,0x9d980000,0x9e300000)
 ParOldGen       total 32768K, used 15506K [0x77000000, 0x79000000, 0x97000000)
  object space 32768K, 47% used [0x77000000,0x77f24890,0x79000000)
 Metaspace       used 15034K, capacity 15216K, committed 15256K, reserved 15664K
Event: 5.290 GC heap after
Heap after GC invocations=6 (full 0):
 PSYoungGen      total 107008K, used 5282K [0x97000000, 0x9e200000, 0xa7000000)
  eden space 98304K, 0% used [0x97000000,0x97000000,0x9d000000)
  from space 8704K, 60% used [0x9d980000,0x9dea8a30,0x9e200000)
  to   space 9216K, 0% used [0x9d000000,0x9d000000,0x9d900000)
 ParOldGen       total 32768K, used 15510K [0x77000000, 0x79000000, 0x97000000)
  object space 32768K, 47% used [0x77000000,0x77f25890,0x79000000)
 Metaspace       used 15034K, capacity 15216K, committed 15256K, reserved 15664K
}
Event: 11.822 GC heap before
{Heap before GC invocations=7 (full 0):
 PSYoungGen      total 107008K, used 38302K [0x97000000, 0x9e200000, 0xa7000000)
  eden space 98304K, 33% used [0x97000000,0x9903ee18,0x9d000000)
  from space 8704K, 60% used [0x9d980000,0x9dea8a30,0x9e200000)
  to   space 9216K, 0% used [0x9d000000,0x9d000000,0x9d900000)
 ParOldGen       total 32768K, used 15510K [0x77000000, 0x79000000, 0x97000000)
  object space 32768K, 47% used [0x77000000,0x77f25890,0x79000000)
 Metaspace       used 16192K, capacity 16378K, committed 16384K, reserved 16688K

Deoptimization events (10 events):
Event: 4.562 Thread 0xb650d000 Uncommon trap: reason=bimorphic action=maybe_recompile pc=0xa7690e20 method=java.util.HashMap.putVal(ILjava/lang/Object;Ljava/lang/Object;ZZ)Ljava/lang/Object; @ 253
Event: 4.753 Thread 0xb650d000 Uncommon trap: reason=predicate action=maybe_recompile pc=0xa79bb460 method=java.util.AbstractCollection.toArray([Ljava/lang/Object;)[Ljava/lang/Object; @ 49
Event: 4.768 Thread 0xb650d000 Uncommon trap: reason=array_check action=maybe_recompile pc=0xa79cf448 method=java.util.AbstractCollection.toArray([Ljava/lang/Object;)[Ljava/lang/Object; @ 119
Event: 4.768 Thread 0xb650d000 Uncommon trap: reason=array_check action=maybe_recompile pc=0xa79cf448 method=java.util.AbstractCollection.toArray([Ljava/lang/Object;)[Ljava/lang/Object; @ 119
Event: 4.769 Thread 0xb650d000 Uncommon trap: reason=array_check action=maybe_recompile pc=0xa79cf448 method=java.util.AbstractCollection.toArray([Ljava/lang/Object;)[Ljava/lang/Object; @ 119
Event: 4.769 Thread 0xb650d000 Uncommon trap: reason=array_check action=maybe_recompile pc=0xa79cf448 method=java.util.AbstractCollection.toArray([Ljava/lang/Object;)[Ljava/lang/Object; @ 119
Event: 5.696 Thread 0xb650d000 Uncommon trap: reason=unstable_if action=reinterpret pc=0xa7725f1c method=java.lang.ThreadLocal$ThreadLocalMap.getEntry(Ljava/lang/ThreadLocal;)Ljava/lang/ThreadLocal$ThreadLocalMap$Entry; @ 29
Event: 5.842 Thread 0xb650d000 Uncommon trap: reason=unstable_if action=reinterpret pc=0xa7a37e64 method=java.util.concurrent.ConcurrentHashMap.putVal(Ljava/lang/Object;Ljava/lang/Object;Z)Ljava/lang/Object; @ 206
Event: 5.866 Thread 0xb650d000 Uncommon trap: reason=unstable_if action=reinterpret pc=0xa7722b40 method=java.lang.ThreadLocal$ThreadLocalMap.getEntry(Ljava/lang/ThreadLocal;)Ljava/lang/ThreadLocal$ThreadLocalMap$Entry; @ 29
Event: 6.235 Thread 0xb650d000 Uncommon trap: reason=unstable_if action=reinterpret pc=0xa7a10dc0 method=java.util.LinkedList.node(I)Ljava/util/LinkedList$Node; @ 49

Internal exceptions (10 events):
Event: 11.529 Thread 0xb650d000 Exception <a 'java/lang/ClassNotFoundException': java/lang/ObjectCustomizer> (0x98d76d58) thrown at [/HUDSON/workspace/8-2-build-linux-i586/jdk8u91/6644/hotspot/src/share/vm/classfile/systemDictionary.cpp, line 210]
Event: 11.530 Thread 0xb650d000 Exception <a 'java/lang/ClassNotFoundException': org/springframework/boot/context/properties/ConfigurationPropertiesBindingPostProcessorCustomizer> (0x98d976e0) thrown at [/HUDSON/workspace/8-2-build-linux-i586/jdk8u91/6644/hotspot/src/share/vm/classfile/
Event: 11.533 Thread 0xb650d000 Exception <a 'java/lang/ClassNotFoundException': org/springframework/beans/factory/config/BeanPostProcessorCustomizer> (0x98dcfa98) thrown at [/HUDSON/workspace/8-2-build-linux-i586/jdk8u91/6644/hotspot/src/share/vm/classfile/systemDictionary.cpp, line 21
Event: 11.534 Thread 0xb650d000 Exception <a 'java/lang/ClassNotFoundException': org/springframework/beans/factory/BeanFactoryAwareCustomizer> (0x98de5740) thrown at [/HUDSON/workspace/8-2-build-linux-i586/jdk8u91/6644/hotspot/src/share/vm/classfile/systemDictionary.cpp, line 210]
Event: 11.534 Thread 0xb650d000 Exception <a 'java/lang/ClassNotFoundException': org/springframework/context/EnvironmentAwareCustomizer> (0x98df9720) thrown at [/HUDSON/workspace/8-2-build-linux-i586/jdk8u91/6644/hotspot/src/share/vm/classfile/systemDictionary.cpp, line 210]
Event: 11.534 Thread 0xb650d000 Exception <a 'java/lang/ClassNotFoundException': org/springframework/context/ApplicationContextAwareCustomizer> (0x98e0ef18) thrown at [/HUDSON/workspace/8-2-build-linux-i586/jdk8u91/6644/hotspot/src/share/vm/classfile/systemDictionary.cpp, line 210]
Event: 11.535 Thread 0xb650d000 Exception <a 'java/lang/ClassNotFoundException': org/springframework/beans/factory/InitializingBeanCustomizer> (0x98e24940) thrown at [/HUDSON/workspace/8-2-build-linux-i586/jdk8u91/6644/hotspot/src/share/vm/classfile/systemDictionary.cpp, line 210]
Event: 11.535 Thread 0xb650d000 Exception <a 'java/lang/ClassNotFoundException': org/springframework/beans/factory/DisposableBeanCustomizer> (0x98e390f0) thrown at [/HUDSON/workspace/8-2-build-linux-i586/jdk8u91/6644/hotspot/src/share/vm/classfile/systemDictionary.cpp, line 210]
Event: 11.535 Thread 0xb650d000 Exception <a 'java/lang/ClassNotFoundException': org/springframework/context/ApplicationListenerCustomizer> (0x98e4d7b0) thrown at [/HUDSON/workspace/8-2-build-linux-i586/jdk8u91/6644/hotspot/src/share/vm/classfile/systemDictionary.cpp, line 210]
Event: 11.536 Thread 0xb650d000 Exception <a 'java/lang/ClassNotFoundException': org/springframework/core/PriorityOrderedCustomizer> (0x98e60548) thrown at [/HUDSON/workspace/8-2-build-linux-i586/jdk8u91/6644/hotspot/src/share/vm/classfile/systemDictionary.cpp, line 210]

Events (10 events):
Event: 11.539 loading class org/springframework/core/NestedExceptionUtils done
Event: 11.541 loading class org/springframework/beans/factory/config/DependencyDescriptor$1
Event: 11.541 loading class org/springframework/beans/factory/config/DependencyDescriptor$1 done
Event: 11.573 loading class org/springframework/core/annotation/AnnotatedElementUtils$1
Event: 11.573 loading class org/springframework/core/annotation/AnnotatedElementUtils$1 done
Event: 11.694 loading class java/util/concurrent/ConcurrentHashMap$EntryIterator
Event: 11.741 loading class java/util/concurrent/ConcurrentHashMap$EntryIterator done
Event: 11.742 loading class org/springframework/validation/beanvalidation/LocalValidatorFactoryBean
Event: 11.742 loading class org/springframework/validation/beanvalidation/LocalValidatorFactoryBean done
Event: 11.821 Executing VM operation: CollectForMetadataAllocation


Dynamic libraries:
08048000-08049000 r-xp 00000000 08:01 324972     /home/alsu/JDK/jdk1.8.0_91/bin/java
08049000-0804a000 rw-p 00000000 08:01 324972     /home/alsu/JDK/jdk1.8.0_91/bin/java
093bf000-0946c000 rw-p 00000000 00:00 0          [heap]
6f900000-6f9fc000 rw-p 00000000 00:00 0 
6f9fc000-6fa00000 ---p 00000000 00:00 0 
6fa00000-6fafa000 rw-p 00000000 00:00 0 
6fafa000-6fb00000 ---p 00000000 00:00 0 
6fb00000-6fbfc000 rw-p 00000000 00:00 0 
6fbfc000-6fc00000 ---p 00000000 00:00 0 
6fe00000-6fefe000 rw-p 00000000 00:00 0 
6fefe000-6ff00000 ---p 00000000 00:00 0 
6ff00000-6fffd000 rw-p 00000000 00:00 0 
6fffd000-70000000 ---p 00000000 00:00 0 
70000000-70100000 rw-p 00000000 00:00 0 
70400000-704fb000 rw-p 00000000 00:00 0 
704fb000-70500000 ---p 00000000 00:00 0 
70500000-70600000 rw-p 00000000 00:00 0 
70600000-70700000 rw-p 00000000 00:00 0 
70700000-707fb000 rw-p 00000000 00:00 0 
707fb000-70800000 ---p 00000000 00:00 0 
70800000-70900000 rw-p 00000000 00:00 0 
70900000-70a00000 rw-p 00000000 00:00 0 
70a00000-70a31000 rw-p 00000000 00:00 0 
70a31000-70b00000 ---p 00000000 00:00 0 
70b00000-70c00000 rw-p 00000000 00:00 0 
70c00000-70ccd000 rw-p 00000000 00:00 0 
70ccd000-70d00000 ---p 00000000 00:00 0 
70d00000-70dd6000 rw-p 00000000 00:00 0 
70dd6000-70e00000 ---p 00000000 00:00 0 
70e00000-70eea000 rw-p 00000000 00:00 0 
70eea000-70f00000 ---p 00000000 00:00 0 
71000000-710f2000 rw-p 00000000 00:00 0 
710f2000-71100000 ---p 00000000 00:00 0 
71200000-712fd000 rw-p 00000000 00:00 0 
712fd000-71300000 ---p 00000000 00:00 0 
71300000-713fd000 rw-p 00000000 00:00 0 
713fd000-71400000 ---p 00000000 00:00 0 
71400000-714e8000 rw-p 00000000 00:00 0 
714e8000-71500000 ---p 00000000 00:00 0 
71500000-715f5000 rw-p 00000000 00:00 0 
715f5000-71600000 ---p 00000000 00:00 0 
71600000-716f6000 rw-p 00000000 00:00 0 
716f6000-71700000 ---p 00000000 00:00 0 
71700000-717ee000 rw-p 00000000 00:00 0 
717ee000-71800000 ---p 00000000 00:00 0 
71800000-718f8000 rw-p 00000000 00:00 0 
718f8000-71900000 ---p 00000000 00:00 0 
71900000-719ba000 rw-p 00000000 00:00 0 
719ba000-71a00000 ---p 00000000 00:00 0 
71a00000-71af2000 rw-p 00000000 00:00 0 
71af2000-71b00000 ---p 00000000 00:00 0 
71b00000-71c00000 rw-p 00000000 00:00 0 
71c00000-71de8000 rw-p 00000000 00:00 0 
71de8000-71e00000 ---p 00000000 00:00 0 
71e00000-71f00000 rw-p 00000000 00:00 0 
71f00000-71fff000 rw-p 00000000 00:00 0 
71fff000-72000000 ---p 00000000 00:00 0 
72000000-72100000 rw-p 00000000 00:00 0 
72100000-72200000 rw-p 00000000 00:00 0 
72200000-72300000 rw-p 00000000 00:00 0 
72300000-72400000 rw-p 00000000 00:00 0 
7241a000-724af000 r--s 01103000 08:01 325285     /home/alsu/JDK/jdk1.8.0_91/jre/lib/ext/jfxrt.jar
724af000-724b2000 ---p 00000000 00:00 0 
724b2000-72600000 rw-p 00000000 00:00 0 
72600000-726fc000 rw-p 00000000 00:00 0 
726fc000-72700000 ---p 00000000 00:00 0 
72700000-72800000 rw-p 00000000 00:00 0 
72800000-72900000 rw-p 00000000 00:00 0 
72900000-72a00000 rw-p 00000000 00:00 0 
72a00000-72b00000 rw-p 00000000 00:00 0 
72b00000-72c00000 rw-p 00000000 00:00 0 
72c00000-72d00000 rw-p 00000000 00:00 0 
72d3f000-72e3f000 rw-p 00000000 00:00 0 
72e3f000-72f3f000 rw-p 00000000 00:00 0 
72f3f000-7303f000 rw-p 00000000 00:00 0 
7303f000-73200000 rw-p 00000000 00:00 0 
73200000-732fc000 rw-p 00000000 00:00 0 
732fc000-73300000 ---p 00000000 00:00 0 
73300000-733f2000 rw-p 00000000 00:00 0 
733f2000-73400000 ---p 00000000 00:00 0 
73400000-73500000 rw-p 00000000 00:00 0 
73500000-73600000 rw-p 00000000 00:00 0 
73600000-736f4000 rw-p 00000000 00:00 0 
736f4000-73700000 ---p 00000000 00:00 0 
73700000-737fb000 rw-p 00000000 00:00 0 
737fb000-73800000 ---p 00000000 00:00 0 
7383e000-7384d000 r-xp 00000000 08:01 325124     /home/alsu/JDK/jdk1.8.0_91/jre/lib/i386/libnio.so
7384d000-7384e000 rw-p 0000e000 08:01 325124     /home/alsu/JDK/jdk1.8.0_91/jre/lib/i386/libnio.so
7384e000-73854000 r--s 002f8000 08:01 325146     /home/alsu/JDK/jdk1.8.0_91/jre/lib/charsets.jar
73854000-73857000 ---p 00000000 00:00 0 
73857000-738a5000 rw-p 00000000 00:00 0 
738a5000-738ba000 r-xp 00000000 08:01 325089     /home/alsu/JDK/jdk1.8.0_91/jre/lib/i386/libnet.so
738ba000-738bb000 rw-p 00015000 08:01 325089     /home/alsu/JDK/jdk1.8.0_91/jre/lib/i386/libnet.so
738bb000-738c3000 r-xp 00000000 08:01 325115     /home/alsu/JDK/jdk1.8.0_91/jre/lib/i386/libmanagement.so
738c3000-738c4000 rw-p 00007000 08:01 325115     /home/alsu/JDK/jdk1.8.0_91/jre/lib/i386/libmanagement.so
738c4000-738cc000 r--s 00084000 08:01 281999     /home/alsu/.gradle/caches/modules-2/files-2.1/org.eclipse.jetty/jetty-server/9.4.2.v20170220/d44c34ac77053f49c963dba7b122d01343f2d40d/jetty-server-9.4.2.v20170220.jar
738cc000-738d7000 r--s 0006a000 08:01 281995     /home/alsu/.gradle/caches/modules-2/files-2.1/ch.qos.logback/logback-core/1.1.11/88b8df40340eed549fb07e2613879bf6b006704d/logback-core-1.1.11.jar
738d7000-73900000 r--s 002b8000 08:01 282089     /home/alsu/.gradle/caches/modules-2/files-2.1/org.apache.tomcat.embed/tomcat-embed-core/8.5.11/72761f51fc7cef3ee19d4aafc7adc605df9f611f/tomcat-embed-core-8.5.11.jar
73900000-739ff000 rw-p 00000000 00:00 0 
739ff000-73a00000 ---p 00000000 00:00 0 
73a00000-73afe000 rw-p 00000000 00:00 0 
73afe000-73b00000 ---p 00000000 00:00 0 
73b00000-73bff000 rw-p 00000000 00:00 0 
73bff000-73c00000 ---p 00000000 00:00 0 
73c03000-73c05000 r--s 00006000 08:01 282001     /home/alsu/.gradle/caches/modules-2/files-2.1/org.ow2.asm/asm-tree/5.1/87b38c12a0ea645791ead9d3e74ae5268d1d6c34/asm-tree-5.1.jar
73c05000-73c08000 r--s 00020000 08:01 282099     /home/alsu/.gradle/caches/modules-2/files-2.1/org.unbescape/unbescape/1.1.0.RELEASE/ab0db4fe0a6fa89fb8da2a40008a4e63a7f3f5b9/unbescape-1.1.0.RELEASE.jar
73c08000-73c12000 r--s 000aa000 08:01 282097     /home/alsu/.gradle/caches/modules-2/files-2.1/org.javassist/javassist/3.21.0-GA/598244f595db5c5fb713731eddbb1c91a58d959b/javassist-3.21.0-GA.jar
73c12000-73c15000 r--s 00035000 08:01 282095     /home/alsu/.gradle/caches/modules-2/files-2.1/ognl/ognl/3.0.8/37e1aebfde7eb7baebc9ad4f85116ef9009c5fc5/ognl-3.0.8.jar
73c15000-73c1a000 r--s 00036000 08:01 282093     /home/alsu/.gradle/caches/modules-2/files-2.1/org.apache.tomcat.embed/tomcat-embed-websocket/8.5.11/dfa65e7857d46630761c0571758a56f7cbd1e9ba/tomcat-embed-websocket-8.5.11.jar
73c1a000-73c1f000 r--s 00036000 08:01 282091     /home/alsu/.gradle/caches/modules-2/files-2.1/org.apache.tomcat.embed/tomcat-embed-el/8.5.11/60253815b897166903bf5ec41219c5bb15333a69/tomcat-embed-el-8.5.11.jar
73c1f000-73c21000 r--s 0000a000 08:01 281993     /home/alsu/.gradle/caches/modules-2/files-2.1/org.ow2.asm/asm-commons/5.1/25d8a575034dd9cfcb375a39b5334f0ba9c8474e/asm-commons-5.1.jar
73c21000-73c23000 r--s 0000c000 08:01 281991     /home/alsu/.gradle/caches/modules-2/files-2.1/org.ow2.asm/asm/5.1/5ef31c4fe953b1fd00b8a88fa1d6820e8785bb45/asm-5.1.jar
73c23000-73c25000 r--s 00005000 08:01 281989     /home/alsu/.gradle/caches/modules-2/files-2.1/javax.annotation/javax.annotation-api/1.2/479c1e06db31c432330183f5cae684163f186146/javax.annotation-api-1.2.jar
73c25000-73c27000 r--s 0000c000 08:01 281987     /home/alsu/.gradle/caches/modules-2/files-2.1/org.eclipse.jetty/jetty-plus/9.4.2.v20170220/908da4be020ed60d38e949bee8eac6330916ecdf/jetty-plus-9.4.2.v20170220.jar
73c27000-73c2a000 r--s 00015000 08:01 281985     /home/alsu/.gradle/caches/modules-2/files-2.1/javax.servlet/javax.servlet-api/3.1.0/3cd63d075497751784b2fa84be59432f4905bf7c/javax.servlet-api-3.1.0.jar
73c2a000-73c30000 r--s 0003b000 08:01 281983     /home/alsu/.gradle/caches/modules-2/files-2.1/org.eclipse.jetty/jetty-client/9.4.2.v20170220/f196f59d1f511493bbbd0666f79144d7c790371b/jetty-client-9.4.2.v20170220.jar
73c30000-73c33000 r--s 00008000 08:01 281981     /home/alsu/.gradle/caches/modules-2/files-2.1/org.eclipse.jetty.websocket/websocket-api/9.4.2.v20170220/597db793fdb3103cb179130a478a481c49bcf94d/websocket-api-9.4.2.v20170220.jar
73c33000-73c36000 r--s 00014000 08:01 281979     /home/alsu/.gradle/caches/modules-2/files-2.1/org.eclipse.jetty/jetty-security/9.4.2.v20170220/17650f5424d3b5f3782d6c196a6ca4989a8adeec/jetty-security-9.4.2.v20170220.jar
73c36000-73c38000 r--s 00004000 08:01 281977     /home/alsu/.gradle/caches/modules-2/files-2.1/org.slf4j/log4j-over-slf4j/1.7.24/6ab46c51a3848286a0db3ba7b22037b3834c3c44/log4j-over-slf4j-1.7.24.jar
73c38000-73c3a000 r--s 00000000 08:01 281975     /home/alsu/.gradle/caches/modules-2/files-2.1/org.slf4j/jul-to-slf4j/1.7.24/25a2be668cb2ad1d05d76c0773df73b4b53617fd/jul-to-slf4j-1.7.24.jar
73c3a000-73c3c000 r--s 00003000 08:01 281973     /home/alsu/.gradle/caches/modules-2/files-2.1/org.slf4j/jcl-over-slf4j/1.7.24/e6a8629079856a2aa7862c6327ccf6dd1988d7fc/jcl-over-slf4j-1.7.24.jar
73c3c000-73c43000 r--s 00045000 08:01 281971     /home/alsu/.gradle/caches/modules-2/files-2.1/ch.qos.logback/logback-classic/1.1.11/ccedfbacef4a6515d2983e3f89ed753d5d4fb665/logback-classic-1.1.11.jar
73c43000-73c8f000 r--s 0040d000 08:01 282087     /home/alsu/.gradle/caches/modules-2/files-2.1/org.codehaus.groovy/groovy/2.4.9/f2d11babe9a12219fe74e3518d55d9502527b9b9/groovy-2.4.9.jar
73c8f000-73c91000 r--s 00009000 08:01 281997     /home/alsu/.gradle/caches/modules-2/files-2.1/org.slf4j/slf4j-api/1.7.24/3f6b4bd4f8dbe8d4bea06d107a3826469b85c3e9/slf4j-api-1.7.24.jar
73c91000-73c9e000 r--s 000b7000 08:01 282085     /home/alsu/.gradle/caches/modules-2/files-2.1/org.thymeleaf/thymeleaf/2.1.5.RELEASE/513bffa3daaac277460c1a0a2dccb228fa40569e/thymeleaf-2.1.5.RELEASE.jar
73c9e000-73c9f000 r--s 00000000 08:01 282083     /home/alsu/.gradle/caches/modules-2/files-2.1/org.springframework.boot/spring-boot-starter-tomcat/1.5.2.RELEASE/354320ef371fc4fc126d1bb8564cd73085a48823/spring-boot-starter-tomcat-1.5.2.RELEASE.jar
73c9f000-73ca1000 r--s 00007000 08:01 281969     /home/alsu/.gradle/caches/modules-2/files-2.1/javax.websocket/javax.websocket-api/1.0/fc843b649d4a1dcb0497669d262befa3918c7ba8/javax.websocket-api-1.0.jar
73ca1000-73ca5000 r--s 00023000 08:01 281967     /home/alsu/.gradle/caches/modules-2/files-2.1/org.eclipse.jetty.websocket/javax-websocket-client-impl/9.4.2.v20170220/aacaf527577a12553553b75f743e00e3c339b247/javax-websocket-client-impl-9.4.2.v20170220.jar
73ca5000-73ca7000 r--s 00011000 08:01 281965     /home/alsu/.gradle/caches/modules-2/files-2.1/org.eclipse.jetty/jetty-annotations/9.4.2.v20170220/951c4fea46e162c9da3b3c3f4d8cdea0392b2327/jetty-annotations-9.4.2.v20170220.jar
73ca7000-73ca9000 r--s 00004000 08:01 281963     /home/alsu/.gradle/caches/modules-2/files-2.1/org.eclipse.jetty.websocket/websocket-servlet/9.4.2.v20170220/54acbe7e981542bb4b901f9c16784d16d8cede95/websocket-servlet-9.4.2.v20170220.jar
73ca9000-73cae000 r--s 0002c000 08:01 281959     /home/alsu/.gradle/caches/modules-2/files-2.1/org.eclipse.jetty.websocket/websocket-common/9.4.2.v20170220/7b672cf9c77fcc492750ccc5ba7df00082334664/websocket-common-9.4.2.v20170220.jar
73cae000-73cb0000 r--s 00019000 08:01 281957     /home/alsu/.gradle/caches/modules-2/files-2.1/org.eclipse.jetty/jetty-servlet/9.4.2.v20170220/722a4b6df98b3a1a3ced1d80da06e8ebf49293ea/jetty-servlet-9.4.2.v20170220.jar
73cb0000-73cb2000 r--s 0000b000 08:01 281955     /home/alsu/.gradle/caches/modules-2/files-2.1/org.eclipse.jetty/jetty-xml/9.4.2.v20170220/e2943f6191c7bc36d891debee100ce56dbac76c6/jetty-xml-9.4.2.v20170220.jar
73cb2000-73cb5000 r--s 0001d000 08:01 281953     /home/alsu/.gradle/caches/modules-2/files-2.1/org.eclipse.jetty/jetty-io/9.4.2.v20170220/c0c1c3b9dfc2ecadf75aa789ab0feb3c74d5b820/jetty-io-9.4.2.v20170220.jar
73cb5000-73cbd000 r--s 00067000 08:01 281951     /home/alsu/.gradle/caches/modules-2/files-2.1/org.eclipse.jetty/jetty-util/9.4.2.v20170220/df66fc12053bf23308d799890cd31bea497fda46/jetty-util-9.4.2.v20170220.jar
73cbd000-73cd7000 r--s 000fd000 08:01 281943     /home/alsu/.gradle/caches/modules-2/files-2.1/org.springframework/spring-context/4.3.7.RELEASE/34b66b0b7910122ef95ba4fff6da9238ef80a5de/spring-context-4.3.7.RELEASE.jar
73cd7000-73ce5000 r--s 000ad000 08:01 281941     /home/alsu/.gradle/caches/modules-2/files-2.1/org.springframework/spring-beans/4.3.7.RELEASE/2de9f59f3202965438f3a02057d6ad8274636044/spring-beans-4.3.7.RELEASE.jar
73ce5000-73cfc000 r--s 000fb000 08:01 281469     /home/alsu/.gradle/caches/modules-2/files-2.1/org.springframework/spring-core/4.3.7.RELEASE/54fa2db94cc7222edc90ec71354e47cd1dc07f7b/spring-core-4.3.7.RELEASE.jar
73cfc000-73cfd000 ---p 00000000 00:00 0 
73cfd000-73d7d000 rw-p 00000000 00:00 0 
73d7d000-73d80000 ---p 00000000 00:00 0 
73d80000-73dfe000 rw-p 00000000 00:00 0 
73dfe000-73e01000 ---p 00000000 00:00 0 
73e01000-73e7f000 rw-p 00000000 00:00 0 
73e7f000-73e82000 ---p 00000000 00:00 0 
73e82000-73f00000 rw-p 00000000 00:00 0 
73f00000-74100000 r--p 00000000 08:01 1060       /usr/lib/locale/locale-archive
74100000-741fa000 rw-p 00000000 00:00 0 
741fa000-74200000 ---p 00000000 00:00 0 
74200000-74221000 rw-p 00000000 00:00 0 
74221000-74300000 ---p 00000000 00:00 0 
74300000-743fa000 rw-p 00000000 00:00 0 
743fa000-74400000 ---p 00000000 00:00 0 
74400000-74409000 r--s 00054000 08:01 281939     /home/alsu/.gradle/caches/modules-2/files-2.1/org.springframework/spring-aop/4.3.7.RELEASE/3f243d685e4a8a78a0c291445c6d85560ec4d339/spring-aop-4.3.7.RELEASE.jar
74409000-7440c000 ---p 00000000 00:00 0 
7440c000-7445a000 rw-p 00000000 00:00 0 
7445a000-7445b000 ---p 00000000 00:00 0 
7445b000-744db000 rw-p 00000000 00:00 0 
744db000-746b4000 r--s 03d1f000 08:01 325060     /home/alsu/JDK/jdk1.8.0_91/jre/lib/rt.jar
746b4000-74afa000 rw-p 00000000 00:00 0 
74afa000-74b00000 ---p 00000000 00:00 0 
74b00000-76600000 rw-p 00000000 00:00 0 
76600000-766e9000 rw-p 00000000 00:00 0 
766e9000-76700000 ---p 00000000 00:00 0 
76700000-76703000 r--s 00025000 08:01 281949     /home/alsu/.gradle/caches/modules-2/files-2.1/org.eclipse.jetty/jetty-http/9.4.2.v20170220/d22fac65c0c7a7cc188cfb9d70312b5ae0db8fd8/jetty-http-9.4.2.v20170220.jar
76703000-76708000 r--s 0003c000 08:01 281945     /home/alsu/.gradle/caches/modules-2/files-2.1/org.springframework/spring-expression/4.3.7.RELEASE/5257b6486e43d8c05674323fea5b415d4da72f38/spring-expression-4.3.7.RELEASE.jar
76708000-7670b000 r--s 00042000 08:01 281937     /home/alsu/.gradle/caches/modules-2/files-2.1/com.fasterxml.jackson.core/jackson-core/2.8.7/8b46f39c78476fb848c81a49fa807a9e9506dddd/jackson-core-2.8.7.jar
7670b000-7670e000 r--s 0000b000 08:01 281935     /home/alsu/.gradle/caches/modules-2/files-2.1/com.fasterxml.jackson.core/jackson-annotations/2.8.0/45b426f7796b741035581a176744d91090e2e6fb/jackson-annotations-2.8.0.jar
7670e000-7672e000 r--s 000e0000 08:01 281923     /home/alsu/.gradle/caches/modules-2/files-2.1/org.springframework.boot/spring-boot-autoconfigure/1.5.2.RELEASE/8a9b8c747bc2c86eefde10330cb2984541bcb9d1/spring-boot-autoconfigure-1.5.2.RELEASE.jar
7672e000-76731000 ---p 00000000 00:00 0 
76731000-7677f000 rw-p 00000000 00:00 0 
7677f000-76780000 ---p 00000000 00:00 0 
76780000-76800000 rw-p 00000000 00:00 0 
76800000-76900000 rw-p 00000000 00:00 0 
76900000-76901000 r--s 00007000 08:01 281961     /home/alsu/.gradle/caches/modules-2/files-2.1/org.eclipse.jetty.websocket/websocket-client/9.4.2.v20170220/ec608dcf5da269d42ea4d1a58b29172afd6b2b1f/websocket-client-9.4.2.v20170220.jar
76901000-76902000 r--s 00003000 08:01 281947     /home/alsu/.gradle/caches/modules-2/files-2.1/org.eclipse.jetty/jetty-continuation/9.4.2.v20170220/fa4c97f2d57eda61490d690cfac88f3dc9c7c92c/jetty-continuation-9.4.2.v20170220.jar
76902000-76904000 r--s 0000e000 08:01 281933     /home/alsu/.gradle/caches/modules-2/files-2.1/com.fasterxml/classmate/1.3.3/864c8e370a691e343210cc7c532fc198cee460d8/classmate-1.3.3.jar
76904000-76908000 r--s 0000c000 08:01 281929     /home/alsu/.gradle/caches/modules-2/files-2.1/javax.validation/validation-api/1.1.0.Final/8613ae82954779d518631e05daa73a6a954817d5/validation-api-1.1.0.Final.jar
76908000-7690e000 r--s 0003d000 08:01 281927     /home/alsu/.gradle/caches/modules-2/files-2.1/org.yaml/snakeyaml/1.17/7a27ea250c5130b2922b86dea63cbb1cc10a660c/snakeyaml-1.17.jar
7690e000-7691e000 r--s 00094000 08:01 281922     /home/alsu/.gradle/caches/modules-2/files-2.1/org.springframework.boot/spring-boot/1.5.2.RELEASE/46bb5d8c9ab5d3ef9e158ca5906ee7d3569befc1/spring-boot-1.5.2.RELEASE.jar
7691e000-7692e000 r--s 00077000 08:01 281921     /home/alsu/.gradle/caches/modules-2/files-2.1/org.springframework.boot/spring-boot-actuator/1.5.2.RELEASE/a477a9bcf414bce26c702872354ae60b1ed832f0/spring-boot-actuator-1.5.2.RELEASE.jar
7692e000-76931000 ---p 00000000 00:00 0 
76931000-7697f000 rw-p 00000000 00:00 0 
7697f000-76980000 ---p 00000000 00:00 0 
76980000-76a00000 rw-p 00000000 00:00 0 
76a00000-76a21000 rw-p 00000000 00:00 0 
76a21000-76b00000 ---p 00000000 00:00 0 
76b00000-76b02000 r--s 0000f000 08:01 281931     /home/alsu/.gradle/caches/modules-2/files-2.1/org.jboss.logging/jboss-logging/3.3.0.Final/3616bb87707910296e2c195dc016287080bba5af/jboss-logging-3.3.0.Final.jar
76b02000-76b05000 r--s 0001a000 08:01 282081     /home/alsu/.gradle/caches/modules-2/files-2.1/nz.net.ultraq.thymeleaf/thymeleaf-layout-dialect/1.4.0/8d7810c069ed1534b9631fb1e85c35973546086/thymeleaf-layout-dialect-1.4.0.jar
76b05000-76b08000 r--s 00034000 08:01 282079     /home/alsu/.gradle/caches/modules-2/files-2.1/org.thymeleaf/thymeleaf-spring4/2.1.5.RELEASE/74cb9028e99597b5d71a98e919fd531a7fc290b4/thymeleaf-spring4-2.1.5.RELEASE.jar
76b08000-76b0c000 r--s 00037000 08:01 281920     /home/alsu/.gradle/caches/modules-2/files-2.1/org.mortbay.jasper/apache-el/8.0.33/1b8fa2179b3937cada939317bb135815e79c0ac2/apache-el-8.0.33.jar
76b0c000-76b1d000 r--s 000cf000 08:01 263442     /home/alsu/.gradle/caches/modules-2/files-2.1/org.springframework/spring-webmvc/4.3.7.RELEASE/d25b11a605589f176e3ecf1dcae62a991a18b377/spring-webmvc-4.3.7.RELEASE.jar
76b1d000-76b2e000 r--s 000b7000 08:01 281914     /home/alsu/.gradle/caches/modules-2/files-2.1/org.springframework/spring-web/4.3.7.RELEASE/7b69fc68cdb74c1c92f72905af6995696fcb56aa/spring-web-4.3.7.RELEASE.jar
76b2e000-76b31000 ---p 00000000 00:00 0 
76b31000-76b7f000 rw-p 00000000 00:00 0 
76b7f000-76b80000 ---p 00000000 00:00 0 
76b80000-76c00000 rw-p 00000000 00:00 0 
76c00000-76c21000 rw-p 00000000 00:00 0 
76c21000-76d00000 ---p 00000000 00:00 0 
76d00000-76d02000 r--s 00007000 08:01 281919     /home/alsu/.gradle/caches/modules-2/files-2.1/org.eclipse.jetty.websocket/javax-websocket-server-impl/9.4.2.v20170220/91efc78598b75a4e4b25f2d95d09ae1ef8fb8bd4/javax-websocket-server-impl-9.4.2.v20170220.jar
76d02000-76d04000 r--s 00007000 08:01 281918     /home/alsu/.gradle/caches/modules-2/files-2.1/org.eclipse.jetty.websocket/websocket-server/9.4.2.v20170220/66d529dcf0bc861c45873f0b3ce02fb63c06ae3f/websocket-server-9.4.2.v20170220.jar
76d04000-76d06000 r--s 0001c000 08:01 281917     /home/alsu/.gradle/caches/modules-2/files-2.1/org.eclipse.jetty/jetty-webapp/9.4.2.v20170220/20836cf5511ed713f79d0ffddde2397e13207948/jetty-webapp-9.4.2.v20170220.jar
76d06000-76d18000 r--s 0011d000 08:01 281913     /home/alsu/.gradle/caches/modules-2/files-2.1/com.fasterxml.jackson.core/jackson-databind/2.8.7/6c3257ef458ac58a8da69a6dca3d2a15286d88c8/jackson-databind-2.8.7.jar
76d18000-76d29000 r--s 000a1000 08:01 281912     /home/alsu/.gradle/caches/modules-2/files-2.1/org.hibernate/hibernate-validator/5.3.4.Final/2f6c8c0b646afe18e3ad205726729d3c4a85fe2e/hibernate-validator-5.3.4.Final.jar
76d29000-76d30000 r--s 000b1000 08:01 282107     /home/alsu/.gradle/caches/modules-2/files-2.1/org.webjars/bootstrap/3.3.7-1/990657dc94f7921d46aae4e54d46ab76a4d1c3b0/bootstrap-3.3.7-1.jar
76d30000-76d8f000 rw-p 00000000 00:00 0 
76d8f000-76e7f000 ---p 00000000 00:00 0 
76e7f000-76e8f000 rw-p 00000000 00:00 0 
76e8f000-76f7f000 ---p 00000000 00:00 0 
76f7f000-76fb8000 rw-p 00000000 00:00 0 
76fb8000-76fff000 ---p 00000000 00:00 0 
76fff000-79000000 rw-p 00000000 00:00 0 
79000000-97000000 ---p 00000000 00:00 0 
97000000-9e200000 rw-p 00000000 00:00 0 
a3f65000-a4100000 rw-p 00000000 00:00 0 
a4100000-a7000000 ---p 00000000 00:00 0 
a7000000-a7002000 r--s 00014000 08:01 281916     /home/alsu/.gradle/caches/modules-2/files-2.1/org.eclipse.jetty/jetty-servlets/9.4.2.v20170220/45abae6b38e3e62af2f45f96590e522593d3fb7/jetty-servlets-9.4.2.v20170220.jar
a7002000-a705d000 rw-p 00000000 00:00 0 
a705d000-a705e000 ---p 00000000 00:00 0 
a705e000-a70fa000 rw-p 00000000 00:00 0 
a70fa000-a749e000 ---p 00000000 00:00 0 
a749e000-a7b96000 rwxp 00000000 00:00 0 
a7b96000-b649e000 ---p 00000000 00:00 0 
b649e000-b64b7000 r-xp 00000000 08:01 325090     /home/alsu/JDK/jdk1.8.0_91/jre/lib/i386/libzip.so
b64b7000-b64b8000 rw-p 00019000 08:01 325090     /home/alsu/JDK/jdk1.8.0_91/jre/lib/i386/libzip.so
b64b8000-b64c3000 r-xp 00000000 08:01 144150     /lib/i386-linux-gnu/libnss_files-2.23.so
b64c3000-b64c4000 r--p 0000a000 08:01 144150     /lib/i386-linux-gnu/libnss_files-2.23.so
b64c4000-b64c5000 rw-p 0000b000 08:01 144150     /lib/i386-linux-gnu/libnss_files-2.23.so
b64c5000-b64cb000 rw-p 00000000 00:00 0 
b64cb000-b64e2000 r-xp 00000000 08:01 144140     /lib/i386-linux-gnu/libnsl-2.23.so
b64e2000-b64e3000 r--p 00016000 08:01 144140     /lib/i386-linux-gnu/libnsl-2.23.so
b64e3000-b64e4000 rw-p 00017000 08:01 144140     /lib/i386-linux-gnu/libnsl-2.23.so
b64e4000-b64f8000 rw-p 00000000 00:00 0 
b64f8000-b6500000 rw-s 00000000 08:01 924670     /tmp/hsperfdata_alsu/3539
b6500000-b65f9000 rw-p 00000000 00:00 0 
b65f9000-b6600000 ---p 00000000 00:00 0 
b6600000-b6601000 r--s 00000000 08:01 281925     /home/alsu/.gradle/caches/modules-2/files-2.1/org.springframework.boot/spring-boot-starter-logging/1.5.2.RELEASE/32210889e1f9bb09ac134b9f43a117ed62f0bed2/spring-boot-starter-logging-1.5.2.RELEASE.jar
b6601000-b6602000 r--s 00000000 08:01 281911     /home/alsu/.gradle/caches/modules-2/files-2.1/org.springframework.boot/spring-boot-starter/1.5.2.RELEASE/c72938c86ed3beadb385f29bc2954c8ca3aa47ab/spring-boot-starter-1.5.2.RELEASE.jar
b6602000-b6603000 r--s 00028000 08:01 282105     /home/alsu/.gradle/caches/modules-2/files-2.1/org.webjars/jquery/3.2.0/724e57193372d730292e38c95cb7cc79a5c9045d/jquery-3.2.0.jar
b6603000-b6604000 r--s 00000000 08:01 282077     /home/alsu/.gradle/caches/modules-2/files-2.1/org.springframework.boot/spring-boot-starter-thymeleaf/1.5.2.RELEASE/f72002abba821b4b7bf6f32afac33b526607c2af/spring-boot-starter-thymeleaf-1.5.2.RELEASE.jar
b6604000-b6605000 r--s 00000000 08:01 281910     /home/alsu/.gradle/caches/modules-2/files-2.1/org.springframework.boot/spring-boot-starter-actuator/1.5.2.RELEASE/e30a1a03f1521adbc0a6cfdb13b2f7038cafa279/spring-boot-starter-actuator-1.5.2.RELEASE.jar
b6605000-b6606000 r--s 00000000 08:01 281909     /home/alsu/.gradle/caches/modules-2/files-2.1/org.springframework.boot/spring-boot-starter-jetty/1.5.2.RELEASE/f2b0c305c5a61e4d64365d365ab9ac85917d650c/spring-boot-starter-jetty-1.5.2.RELEASE.jar
b6606000-b6611000 r-xp 00000000 08:01 144136     /lib/i386-linux-gnu/libnss_nis-2.23.so
b6611000-b6612000 r--p 0000a000 08:01 144136     /lib/i386-linux-gnu/libnss_nis-2.23.so
b6612000-b6613000 rw-p 0000b000 08:01 144136     /lib/i386-linux-gnu/libnss_nis-2.23.so
b6613000-b6637000 r-xp 00000000 08:01 325105     /home/alsu/JDK/jdk1.8.0_91/jre/lib/i386/libjava.so
b6637000-b6638000 rw-p 00023000 08:01 325105     /home/alsu/JDK/jdk1.8.0_91/jre/lib/i386/libjava.so
b6638000-b663f000 r-xp 00000000 08:01 144154     /lib/i386-linux-gnu/librt-2.23.so
b663f000-b6640000 r--p 00006000 08:01 144154     /lib/i386-linux-gnu/librt-2.23.so
b6640000-b6641000 rw-p 00007000 08:01 144154     /lib/i386-linux-gnu/librt-2.23.so
b6641000-b6644000 ---p 00000000 00:00 0 
b6644000-b6692000 rw-p 00000000 00:00 0 
b6692000-b66e5000 r-xp 00000000 08:01 144138     /lib/i386-linux-gnu/libm-2.23.so
b66e5000-b66e6000 r--p 00052000 08:01 144138     /lib/i386-linux-gnu/libm-2.23.so
b66e6000-b66e7000 rw-p 00053000 08:01 144138     /lib/i386-linux-gnu/libm-2.23.so
b66e7000-b706a000 r-xp 00000000 08:01 325111     /home/alsu/JDK/jdk1.8.0_91/jre/lib/i386/server/libjvm.so
b706a000-b70d7000 rw-p 00983000 08:01 325111     /home/alsu/JDK/jdk1.8.0_91/jre/lib/i386/server/libjvm.so
b70d7000-b7500000 rw-p 00000000 00:00 0 
b7500000-b76af000 r-xp 00000000 08:01 144142     /lib/i386-linux-gnu/libc-2.23.so
b76af000-b76b0000 ---p 001af000 08:01 144142     /lib/i386-linux-gnu/libc-2.23.so
b76b0000-b76b2000 r--p 001af000 08:01 144142     /lib/i386-linux-gnu/libc-2.23.so
b76b2000-b76b3000 rw-p 001b1000 08:01 144142     /lib/i386-linux-gnu/libc-2.23.so
b76b3000-b76b6000 rw-p 00000000 00:00 0 
b76b6000-b76b9000 r-xp 00000000 08:01 144134     /lib/i386-linux-gnu/libdl-2.23.so
b76b9000-b76ba000 r--p 00002000 08:01 144134     /lib/i386-linux-gnu/libdl-2.23.so
b76ba000-b76bb000 rw-p 00003000 08:01 144134     /lib/i386-linux-gnu/libdl-2.23.so
b76bb000-b76cf000 r-xp 00000000 08:01 324320     /home/alsu/JDK/jdk1.8.0_91/lib/i386/jli/libjli.so
b76cf000-b76d0000 rw-p 00014000 08:01 324320     /home/alsu/JDK/jdk1.8.0_91/lib/i386/jli/libjli.so
b76d0000-b76e9000 r-xp 00000000 08:01 144162     /lib/i386-linux-gnu/libpthread-2.23.so
b76e9000-b76ea000 r--p 00018000 08:01 144162     /lib/i386-linux-gnu/libpthread-2.23.so
b76ea000-b76eb000 rw-p 00019000 08:01 144162     /lib/i386-linux-gnu/libpthread-2.23.so
b76eb000-b76ed000 rw-p 00000000 00:00 0 
b76ed000-b76ee000 r--s 00000000 08:01 281908     /home/alsu/.gradle/caches/modules-2/files-2.1/org.springframework.boot/spring-boot-starter-web/1.5.2.RELEASE/27f29876980c079b46be16b759eafe92720f3338/spring-boot-starter-web-1.5.2.RELEASE.jar
b76ee000-b76ef000 r--p 002d4000 08:01 1060       /usr/lib/locale/locale-archive
b76ef000-b76f7000 r-xp 00000000 08:01 144152     /lib/i386-linux-gnu/libnss_compat-2.23.so
b76f7000-b76f8000 r--p 00007000 08:01 144152     /lib/i386-linux-gnu/libnss_compat-2.23.so
b76f8000-b76f9000 rw-p 00008000 08:01 144152     /lib/i386-linux-gnu/libnss_compat-2.23.so
b76f9000-b76fa000 rw-p 00000000 00:00 0 
b76fa000-b76fb000 ---p 00000000 00:00 0 
b76fb000-b7706000 r-xp 00000000 08:01 325128     /home/alsu/JDK/jdk1.8.0_91/jre/lib/i386/libverify.so
b7706000-b7707000 rw-p 0000b000 08:01 325128     /home/alsu/JDK/jdk1.8.0_91/jre/lib/i386/libverify.so
b7707000-b7709000 rw-p 00000000 00:00 0 
b7709000-b770b000 r--p 00000000 00:00 0          [vvar]
b770b000-b770c000 r-xp 00000000 00:00 0          [vdso]
b770c000-b772e000 r-xp 00000000 08:01 144144     /lib/i386-linux-gnu/ld-2.23.so
b772e000-b772f000 rw-p 00000000 00:00 0 
b772f000-b7730000 r--p 00022000 08:01 144144     /lib/i386-linux-gnu/ld-2.23.so
b7730000-b7731000 rw-p 00023000 08:01 144144     /lib/i386-linux-gnu/ld-2.23.so
bf7af000-bf7b0000 rwxp 00000000 00:00 0 
bf7df000-bf803000 rw-p 00000000 00:00 0          [stack]

VM Arguments:
jvm_args: -Dfile.encoding=UTF-8 -Duser.country=US -Duser.language=en -Duser.variant 
java_command: JollyOhtu.Main
java_class_path (initial): /home/alsu/Desktop/Jolly-ohtu/build/classes/main:/home/alsu/Desktop/Jolly-ohtu/build/resources/main:/home/alsu/.gradle/caches/modules-2/files-2.1/org.springframework.boot/spring-boot-starter-web/1.5.2.RELEASE/27f29876980c079b46be16b759eafe92720f3338/spring-boot-starter-web-1.5.2.RELEASE.jar:/home/alsu/.gradle/caches/modules-2/files-2.1/org.springframework.boot/spring-boot-starter-jetty/1.5.2.RELEASE/f2b0c305c5a61e4d64365d365ab9ac85917d650c/spring-boot-starter-jetty-1.5.2.RELEASE.jar:/home/alsu/.gradle/caches/modules-2/files-2.1/org.springframework.boot/spring-boot-starter-actuator/1.5.2.RELEASE/e30a1a03f1521adbc0a6cfdb13b2f7038cafa279/spring-boot-starter-actuator-1.5.2.RELEASE.jar:/home/alsu/.gradle/caches/modules-2/files-2.1/org.springframework.boot/spring-boot-starter-thymeleaf/1.5.2.RELEASE/f72002abba821b4b7bf6f32afac33b526607c2af/spring-boot-starter-thymeleaf-1.5.2.RELEASE.jar:/home/alsu/.gradle/caches/modules-2/files-2.1/org.webjars/jquery/3.2.0/724e57193372d730292e38c95cb7cc79a5c9045d/jquery-3.2.0.jar:/home/alsu/.gradle/caches/modules-2/files-2.1/org.webjars/bootstrap/3.3.7-1/990657dc94f7921d46aae4e54d46ab76a4d1c3b0/bootstrap-3.3.7-1.jar:/home/alsu/.gradle/caches/modules-2/files-2.1/org.springframework.boot/spring-boot-starter/1.5.2.RELEASE/c72938c86ed3beadb385f29bc2954c8ca3aa47ab/spring-boot-starter-1.5.2.RELEASE.jar:/home/alsu/.gradle/caches/modules-2/files-2.1/org.hibernate/hibernate-validator/5.3.4.Final/2f6c8c0b646afe18e3ad205726729d3c4a85fe2e/hibernate-validator-5.3.4.Final.jar:/home/alsu/.gradle/caches/modules-2/files-2.1/com.fasterxml.jackson.core/jackson-databind/2.8.7/6c3257ef458ac58a8da69a6dca3d2a15286d88c8/jackson-databind-2.8.7.jar:/home/alsu/.gradle/caches/modules-2/files-2.1/org.springframework/spring-web/4.3.7.RELEASE/7b69fc68cdb74c1c92f72905af6995696fcb56aa/spring-web-4.3.7.RELEASE.jar:/home/alsu/.gradle/caches/modules-2/files-2.1/org.springframework/spring-webmvc/4.3.7.RELEASE/d25b11a605589f176e3ecf1dcae62a991a18b
Launcher Type: SUN_STANDARD

Environment Variables:
PATH=/usr/local/sbin:/usr/local/bin:/usr/sbin:/usr/bin:/sbin:/bin:/usr/games:/usr/local/games:/snap/bin:/opt/gradle/gradle-3.4.1/bin
LD_LIBRARY_PATH=/home/alsu/JDK/jdk1.8.0_91/jre/lib/amd64:/home/alsu/JDK/jdk1.8.0_91/jre/lib/i386:
SHELL=/bin/bash
DISPLAY=:0

Signal Handlers:
SIGSEGV: [libjvm.so+0x8d0a60], sa_mask[0]=11111111011111111101111111111110, sa_flags=SA_RESTART|SA_SIGINFO
SIGBUS: [libjvm.so+0x8d0a60], sa_mask[0]=11111111011111111101111111111110, sa_flags=SA_RESTART|SA_SIGINFO
SIGFPE: [libjvm.so+0x7503b0], sa_mask[0]=11111111011111111101111111111110, sa_flags=SA_RESTART|SA_SIGINFO
SIGPIPE: [libjvm.so+0x7503b0], sa_mask[0]=11111111011111111101111111111110, sa_flags=SA_RESTART|SA_SIGINFO
SIGXFSZ: [libjvm.so+0x7503b0], sa_mask[0]=11111111011111111101111111111110, sa_flags=SA_RESTART|SA_SIGINFO
SIGILL: [libjvm.so+0x7503b0], sa_mask[0]=11111111011111111101111111111110, sa_flags=SA_RESTART|SA_SIGINFO
SIGUSR1: SIG_DFL, sa_mask[0]=00000000000000000000000000000000, sa_flags=none
SIGUSR2: [libjvm.so+0x751a30], sa_mask[0]=00100000000000000000000000000000, sa_flags=SA_RESTART|SA_SIGINFO
SIGHUP: [libjvm.so+0x752ee0], sa_mask[0]=11111111011111111101111111111110, sa_flags=SA_RESTART|SA_SIGINFO
SIGINT: SIG_IGN, sa_mask[0]=00000000000000000000000000000000, sa_flags=none
SIGTERM: [libjvm.so+0x752ee0], sa_mask[0]=11111111011111111101111111111110, sa_flags=SA_RESTART|SA_SIGINFO
SIGQUIT: [libjvm.so+0x752ee0], sa_mask[0]=11111111011111111101111111111110, sa_flags=SA_RESTART|SA_SIGINFO


---------------  S Y S T E M  ---------------

OS:DISTRIB_ID=Ubuntu
DISTRIB_RELEASE=16.04
DISTRIB_CODENAME=xenial
DISTRIB_DESCRIPTION="Ubuntu 16.04.2 LTS"

uname:Linux 4.4.0-71-generic #92-Ubuntu SMP Fri Mar 24 12:58:08 UTC 2017 i686
libc:glibc 2.23 NPTL 2.23 
rlimit: STACK 8192k, CORE 0k, NPROC 24258, NOFILE 65536, AS infinity
load average:4.91 1.36 0.73

/proc/meminfo:
MemTotal:        3142440 kB
MemFree:          189868 kB
MemAvailable:       8956 kB
Buffers:            1112 kB
Cached:            66436 kB
SwapCached:            0 kB
Active:          2820304 kB
Inactive:          56688 kB
Active(anon):    2810724 kB
Inactive(anon):    43352 kB
Active(file):       9580 kB
Inactive(file):    13336 kB
Unevictable:          16 kB
Mlocked:              16 kB
HighTotal:       2279368 kB
HighFree:          40760 kB
LowTotal:         863072 kB
LowFree:          149108 kB
SwapTotal:             0 kB
SwapFree:              0 kB
Dirty:               580 kB
Writeback:             0 kB
AnonPages:       2809924 kB
Mapped:            56572 kB
Shmem:             44168 kB
Slab:              37168 kB
SReclaimable:      19088 kB
SUnreclaim:        18080 kB
KernelStack:        5512 kB
PageTables:        15412 kB
NFS_Unstable:          0 kB
Bounce:                0 kB
WritebackTmp:          0 kB
CommitLimit:     1571220 kB
Committed_AS:    6422664 kB
VmallocTotal:     122880 kB
VmallocUsed:           0 kB
VmallocChunk:          0 kB
AnonHugePages:   1400832 kB
CmaTotal:              0 kB
CmaFree:               0 kB
HugePages_Total:       0
HugePages_Free:        0
HugePages_Rsvd:        0
HugePages_Surp:        0
Hugepagesize:       2048 kB
DirectMap4k:       32760 kB
DirectMap2M:      880640 kB


CPU:total 4 (4 cores per cpu, 1 threads per core) family 6 model 60 stepping 3, cmov, cx8, fxsr, mmx, sse, sse2, sse3, ssse3, sse4.1, sse4.2, popcnt, avx, aes, clmul, lzcnt, tsc, tscinvbit

/proc/cpuinfo:
processor	: 0
vendor_id	: GenuineIntel
cpu family	: 6
model		: 60
model name	: Intel(R) Core(TM) i7-4790K CPU @ 4.00GHz
stepping	: 3
cpu MHz		: 3999.998
cache size	: 8192 KB
physical id	: 0
siblings	: 4
core id		: 0
cpu cores	: 4
apicid		: 0
initial apicid	: 0
fdiv_bug	: no
f00f_bug	: no
coma_bug	: no
fpu		: yes
fpu_exception	: yes
cpuid level	: 13
wp		: yes
flags		: fpu vme de pse tsc msr pae mce cx8 apic sep mtrr pge mca cmov pat pse36 clflush mmx fxsr sse sse2 ht nx rdtscp constant_tsc xtopology nonstop_tsc pni pclmulqdq ssse3 cx16 sse4_1 sse4_2 movbe popcnt aes xsave avx rdrand hypervisor lahf_lm abm
bugs		:
bogomips	: 7999.99
clflush size	: 64
cache_alignment	: 64
address sizes	: 39 bits physical, 48 bits virtual
power management:

processor	: 1
vendor_id	: GenuineIntel
cpu family	: 6
model		: 60
model name	: Intel(R) Core(TM) i7-4790K CPU @ 4.00GHz
stepping	: 3
cpu MHz		: 3999.998
cache size	: 8192 KB
physical id	: 0
siblings	: 4
core id		: 1
cpu cores	: 4
apicid		: 1
initial apicid	: 1
fdiv_bug	: no
f00f_bug	: no
coma_bug	: no
fpu		: yes
fpu_exception	: yes
cpuid level	: 13
wp		: yes
flags		: fpu vme de pse tsc msr pae mce cx8 apic sep mtrr pge mca cmov pat pse36 clflush mmx fxsr sse sse2 ht nx rdtscp constant_tsc xtopology nonstop_tsc pni pclmulqdq ssse3 cx16 sse4_1 sse4_2 movbe popcnt aes xsave avx rdrand hypervisor lahf_lm abm
bugs		:
bogomips	: 7999.99
clflush size	: 64
cache_alignment	: 64
address sizes	: 39 bits physical, 48 bits virtual
power management:

processor	: 2
vendor_id	: GenuineIntel
cpu family	: 6
model		: 60
model name	: Intel(R) Core(TM) i7-4790K CPU @ 4.00GHz
stepping	: 3
cpu MHz		: 3999.998
cache size	: 8192 KB
physical id	: 0
siblings	: 4
core id		: 2
cpu cores	: 4
apicid		: 2
initial apicid	: 2
fdiv_bug	: no
f00f_bug	: no
coma_bug	: no
fpu		: yes
fpu_exception	: yes
cpuid level	: 13
wp		: yes
flags		: fpu vme de pse tsc msr pae mce cx8 apic sep mtrr pge mca cmov pat pse36 clflush mmx fxsr sse sse2 ht nx rdtscp constant_tsc xtopology nonstop_tsc pni pclmulqdq ssse3 cx16 sse4_1 sse4_2 movbe popcnt aes xsave avx rdrand hypervisor lahf_lm abm
bugs		:
bogomips	: 7999.99
clflush size	: 64
cache_alignment	: 64
address sizes	: 39 bits physical, 48 bits virtual
power management:

processor	: 3
vendor_id	: GenuineIntel
cpu family	: 6
model		: 60
model name	: Intel(R) Core(TM) i7-4790K CPU @ 4.00GHz
stepping	: 3
cpu MHz		: 3999.998
cache size	: 8192 KB
physical id	: 0
siblings	: 4
core id		: 3
cpu cores	: 4
apicid		: 3
initial apicid	: 3
fdiv_bug	: no
f00f_bug	: no
coma_bug	: no
fpu		: yes
fpu_exception	: yes
cpuid level	: 13
wp		: yes
flags		: fpu vme de pse tsc msr pae mce cx8 apic sep mtrr pge mca cmov pat pse36 clflush mmx fxsr sse sse2 ht nx rdtscp constant_tsc xtopology nonstop_tsc pni pclmulqdq ssse3 cx16 sse4_1 sse4_2 movbe popcnt aes xsave avx rdrand hypervisor lahf_lm abm
bugs		:
bogomips	: 7999.99
clflush size	: 64
cache_alignment	: 64
address sizes	: 39 bits physical, 48 bits virtual
power management:



Memory: 4k page, physical 3142440k(189868k free), swap 0k(0k free)

vm_info: Java HotSpot(TM) Server VM (25.91-b14) for linux-x86 JRE (1.8.0_91-b14), built on Apr  1 2016 01:01:13 by "java_re" with gcc 4.3.0 20080428 (Red Hat 4.3.0-8)

time: Mon Apr  3 17:29:59 2017
elapsed time: 17 seconds (0d 0h 0m 17s)

