#
# There is insufficient memory for the Java Runtime Environment to continue.
# Native memory allocation (mmap) failed to map 22544384 bytes for committing reserved memory.
# Possible reasons:
#   The system is out of physical RAM or swap space
#   In 32 bit mode, the process size limit was hit
# Possible solutions:
#   Reduce memory load on the system
#   Increase physical memory or swap space
#   Check if swap backing store is full
#   Use 64 bit Java on a 64 bit OS
#   Decrease Java heap size (-Xmx/-Xms)
#   Decrease number of Java threads
#   Decrease Java thread stack sizes (-Xss)
#   Set larger code cache with -XX:ReservedCodeCacheSize=
# This output file may be truncated or incomplete.
#
#  Out of Memory Error (os_linux.cpp:2630), pid=3699, tid=0xb6419b40
#
# JRE version:  (8.0_121-b13) (build )
# Java VM: OpenJDK Server VM (25.121-b13 mixed mode linux-x86 )
# Failed to write core dump. Core dumps have been disabled. To enable core dumping, try "ulimit -c unlimited" before starting Java again
#

---------------  T H R E A D  ---------------

Current thread (0xb6207400):  JavaThread "Unknown thread" [_thread_in_vm, id=3713, stack(0xb63c9000,0xb641a000)]

Stack: [0xb63c9000,0xb641a000],  sp=0xb6418ca0,  free space=319k
Native frames: (J=compiled Java code, j=interpreted, Vv=VM code, C=native code)
V  [libjvm.so+0x8d4134]
V  [libjvm.so+0x3a4a86]
V  [libjvm.so+0x73f980]
V  [libjvm.so+0x7398d3]
V  [libjvm.so+0x7ab45c]
V  [libjvm.so+0x79e6ec]
V  [libjvm.so+0x1b535d]
V  [libjvm.so+0x762f03]
V  [libjvm.so+0x89ca1f]
V  [libjvm.so+0x89cb7e]
V  [libjvm.so+0x4dbade]
V  [libjvm.so+0x883522]
V  [libjvm.so+0x541475]  JNI_CreateJavaVM+0x65
C  [libjli.so+0x2634]
C  [libjli.so+0x69fe]
C  [libpthread.so.0+0x6295]  start_thread+0xe5
C  [libc.so.6+0xe6eee]  clone+0x6e


---------------  P R O C E S S  ---------------

Java Threads: ( => current thread )

Other Threads:

=>0xb6207400 (exited) JavaThread "Unknown thread" [_thread_in_vm, id=3713, stack(0xb63c9000,0xb641a000)]

VM state:not at safepoint (not fully initialized)

VM Mutex/Monitor currently owned by a thread: None

GC Heap History (0 events):
No events

Deoptimization events (0 events):
No events

Internal exceptions (0 events):
No events

Events (0 events):
No events


Dynamic libraries:
08048000-08049000 r-xp 00000000 08:01 528578     /usr/lib/jvm/java-8-openjdk-i386/jre/bin/java
08049000-0804a000 r--p 00000000 08:01 528578     /usr/lib/jvm/java-8-openjdk-i386/jre/bin/java
0804a000-0804b000 rw-p 00001000 08:01 528578     /usr/lib/jvm/java-8-openjdk-i386/jre/bin/java
099a9000-099ca000 rw-p 00000000 00:00 0          [heap]
87503000-875ab000 ---p 00000000 00:00 0 
875ab000-875b1000 rw-p 00000000 00:00 0 
875b1000-875ff000 ---p 00000000 00:00 0 
875ff000-87600000 rw-p 00000000 00:00 0 
88b80000-9c600000 ---p 00000000 00:00 0 
9c600000-9d080000 rw-p 00000000 00:00 0 
9d080000-a6e00000 ---p 00000000 00:00 0 
a6e40000-a6e49000 rw-p 00000000 00:00 0 
a6e49000-a7200000 ---p 00000000 00:00 0 
a7200000-a7440000 rwxp 00000000 00:00 0 
a7440000-b6200000 ---p 00000000 00:00 0 
b6200000-b6221000 rw-p 00000000 00:00 0 
b6221000-b6300000 ---p 00000000 00:00 0 
b6338000-b6343000 r-xp 00000000 08:01 144150     /lib/i386-linux-gnu/libnss_files-2.23.so
b6343000-b6344000 r--p 0000a000 08:01 144150     /lib/i386-linux-gnu/libnss_files-2.23.so
b6344000-b6345000 rw-p 0000b000 08:01 144150     /lib/i386-linux-gnu/libnss_files-2.23.so
b6345000-b634b000 rw-p 00000000 00:00 0 
b634b000-b6356000 r-xp 00000000 08:01 144136     /lib/i386-linux-gnu/libnss_nis-2.23.so
b6356000-b6357000 r--p 0000a000 08:01 144136     /lib/i386-linux-gnu/libnss_nis-2.23.so
b6357000-b6358000 rw-p 0000b000 08:01 144136     /lib/i386-linux-gnu/libnss_nis-2.23.so
b6358000-b636f000 r-xp 00000000 08:01 144140     /lib/i386-linux-gnu/libnsl-2.23.so
b636f000-b6370000 r--p 00016000 08:01 144140     /lib/i386-linux-gnu/libnsl-2.23.so
b6370000-b6371000 rw-p 00017000 08:01 144140     /lib/i386-linux-gnu/libnsl-2.23.so
b6371000-b6373000 rw-p 00000000 00:00 0 
b6373000-b637b000 r-xp 00000000 08:01 144152     /lib/i386-linux-gnu/libnss_compat-2.23.so
b637b000-b637c000 r--p 00007000 08:01 144152     /lib/i386-linux-gnu/libnss_compat-2.23.so
b637c000-b637d000 rw-p 00008000 08:01 144152     /lib/i386-linux-gnu/libnss_compat-2.23.so
b638d000-b6395000 r-xp 00000000 08:01 528529     /usr/lib/jvm/java-8-openjdk-i386/jre/lib/i386/libzip.so
b6395000-b6396000 r--p 00007000 08:01 528529     /usr/lib/jvm/java-8-openjdk-i386/jre/lib/i386/libzip.so
b6396000-b6397000 rw-p 00008000 08:01 528529     /usr/lib/jvm/java-8-openjdk-i386/jre/lib/i386/libzip.so
b6397000-b63be000 r-xp 00000000 08:01 528556     /usr/lib/jvm/java-8-openjdk-i386/jre/lib/i386/libjava.so
b63be000-b63bf000 r--p 00026000 08:01 528556     /usr/lib/jvm/java-8-openjdk-i386/jre/lib/i386/libjava.so
b63bf000-b63c0000 rw-p 00027000 08:01 528556     /usr/lib/jvm/java-8-openjdk-i386/jre/lib/i386/libjava.so
b63c0000-b63c7000 r-xp 00000000 08:01 144154     /lib/i386-linux-gnu/librt-2.23.so
b63c7000-b63c8000 r--p 00006000 08:01 144154     /lib/i386-linux-gnu/librt-2.23.so
b63c8000-b63c9000 rw-p 00007000 08:01 144154     /lib/i386-linux-gnu/librt-2.23.so
b63c9000-b63cc000 ---p 00000000 00:00 0 
b63cc000-b641a000 rw-p 00000000 00:00 0 
b641a000-b6436000 r-xp 00000000 08:01 137309     /lib/i386-linux-gnu/libgcc_s.so.1
b6436000-b6437000 rw-p 0001b000 08:01 137309     /lib/i386-linux-gnu/libgcc_s.so.1
b6437000-b648a000 r-xp 00000000 08:01 144138     /lib/i386-linux-gnu/libm-2.23.so
b648a000-b648b000 r--p 00052000 08:01 144138     /lib/i386-linux-gnu/libm-2.23.so
b648b000-b648c000 rw-p 00053000 08:01 144138     /lib/i386-linux-gnu/libm-2.23.so
b648c000-b65f9000 r-xp 00000000 08:01 6669       /usr/lib/i386-linux-gnu/libstdc++.so.6.0.21
b65f9000-b65fa000 ---p 0016d000 08:01 6669       /usr/lib/i386-linux-gnu/libstdc++.so.6.0.21
b65fa000-b65ff000 r--p 0016d000 08:01 6669       /usr/lib/i386-linux-gnu/libstdc++.so.6.0.21
b65ff000-b6600000 rw-p 00172000 08:01 6669       /usr/lib/i386-linux-gnu/libstdc++.so.6.0.21
b6600000-b6603000 rw-p 00000000 00:00 0 
b6603000-b70d0000 r-xp 00000000 08:01 528551     /usr/lib/jvm/java-8-openjdk-i386/jre/lib/i386/server/libjvm.so
b70d0000-b70d1000 ---p 00acd000 08:01 528551     /usr/lib/jvm/java-8-openjdk-i386/jre/lib/i386/server/libjvm.so
b70d1000-b7116000 r--p 00acd000 08:01 528551     /usr/lib/jvm/java-8-openjdk-i386/jre/lib/i386/server/libjvm.so
b7116000-b712d000 rw-p 00b12000 08:01 528551     /usr/lib/jvm/java-8-openjdk-i386/jre/lib/i386/server/libjvm.so
b712d000-b754e000 rw-p 00000000 00:00 0 
b754e000-b7567000 r-xp 00000000 08:01 144162     /lib/i386-linux-gnu/libpthread-2.23.so
b7567000-b7568000 r--p 00018000 08:01 144162     /lib/i386-linux-gnu/libpthread-2.23.so
b7568000-b7569000 rw-p 00019000 08:01 144162     /lib/i386-linux-gnu/libpthread-2.23.so
b7569000-b756b000 rw-p 00000000 00:00 0 
b756b000-b756e000 r-xp 00000000 08:01 144134     /lib/i386-linux-gnu/libdl-2.23.so
b756e000-b756f000 r--p 00002000 08:01 144134     /lib/i386-linux-gnu/libdl-2.23.so
b756f000-b7570000 rw-p 00003000 08:01 144134     /lib/i386-linux-gnu/libdl-2.23.so
b7570000-b7589000 r-xp 00000000 08:01 141474     /lib/i386-linux-gnu/libz.so.1.2.8
b7589000-b758a000 r--p 00018000 08:01 141474     /lib/i386-linux-gnu/libz.so.1.2.8
b758a000-b758b000 rw-p 00019000 08:01 141474     /lib/i386-linux-gnu/libz.so.1.2.8
b758b000-b773a000 r-xp 00000000 08:01 144142     /lib/i386-linux-gnu/libc-2.23.so
b773a000-b773b000 ---p 001af000 08:01 144142     /lib/i386-linux-gnu/libc-2.23.so
b773b000-b773d000 r--p 001af000 08:01 144142     /lib/i386-linux-gnu/libc-2.23.so
b773d000-b773e000 rw-p 001b1000 08:01 144142     /lib/i386-linux-gnu/libc-2.23.so
b773e000-b7741000 rw-p 00000000 00:00 0 
b7741000-b7749000 rw-s 00000000 08:01 794597     /tmp/hsperfdata_alsu/3699
b7749000-b774a000 rw-p 00000000 00:00 0 
b774a000-b774b000 r--p 00000000 00:00 0 
b774b000-b7759000 r-xp 00000000 08:01 528522     /usr/lib/jvm/java-8-openjdk-i386/jre/lib/i386/libverify.so
b7759000-b775a000 r--p 0000d000 08:01 528522     /usr/lib/jvm/java-8-openjdk-i386/jre/lib/i386/libverify.so
b775a000-b775b000 rw-p 0000e000 08:01 528522     /usr/lib/jvm/java-8-openjdk-i386/jre/lib/i386/libverify.so
b775b000-b7768000 r-xp 00000000 08:01 528545     /usr/lib/jvm/java-8-openjdk-i386/jre/lib/i386/jli/libjli.so
b7768000-b7769000 r--p 0000c000 08:01 528545     /usr/lib/jvm/java-8-openjdk-i386/jre/lib/i386/jli/libjli.so
b7769000-b776a000 rw-p 0000d000 08:01 528545     /usr/lib/jvm/java-8-openjdk-i386/jre/lib/i386/jli/libjli.so
b776a000-b776c000 rw-p 00000000 00:00 0 
b776c000-b776e000 r--p 00000000 00:00 0          [vvar]
b776e000-b776f000 r-xp 00000000 00:00 0          [vdso]
b776f000-b7791000 r-xp 00000000 08:01 144144     /lib/i386-linux-gnu/ld-2.23.so
b7791000-b7792000 rw-p 00000000 00:00 0 
b7792000-b7793000 r--p 00022000 08:01 144144     /lib/i386-linux-gnu/ld-2.23.so
b7793000-b7794000 rw-p 00023000 08:01 144144     /lib/i386-linux-gnu/ld-2.23.so
bfc1b000-bfc1c000 rwxp 00000000 00:00 0 
bfc4e000-bfc6f000 rw-p 00000000 00:00 0          [stack]

VM Arguments:
jvm_args: -Dorg.gradle.appname=gradle 
java_command: org.gradle.launcher.GradleMain build
java_class_path (initial): /opt/gradle/gradle-3.4.1/lib/gradle-launcher-3.4.1.jar
Launcher Type: SUN_STANDARD

Environment Variables:
PATH=/usr/local/sbin:/usr/local/bin:/usr/sbin:/usr/bin:/sbin:/bin:/usr/games:/usr/local/games:/snap/bin:/opt/gradle/gradle-3.4.1/bin
SHELL=/bin/bash
DISPLAY=:0

Signal Handlers:
SIGSEGV: [libjvm.so+0x8d4c70], sa_mask[0]=11111111011111111101111111111110, sa_flags=SA_RESTART|SA_SIGINFO
SIGBUS: [libjvm.so+0x8d4c70], sa_mask[0]=11111111011111111101111111111110, sa_flags=SA_RESTART|SA_SIGINFO
SIGFPE: [libjvm.so+0x73aa80], sa_mask[0]=11111111011111111101111111111110, sa_flags=SA_RESTART|SA_SIGINFO
SIGPIPE: [libjvm.so+0x73aa80], sa_mask[0]=11111111011111111101111111111110, sa_flags=SA_RESTART|SA_SIGINFO
SIGXFSZ: [libjvm.so+0x73aa80], sa_mask[0]=11111111011111111101111111111110, sa_flags=SA_RESTART|SA_SIGINFO
SIGILL: [libjvm.so+0x73aa80], sa_mask[0]=11111111011111111101111111111110, sa_flags=SA_RESTART|SA_SIGINFO
SIGUSR1: SIG_DFL, sa_mask[0]=00000000000000000000000000000000, sa_flags=none
SIGUSR2: [libjvm.so+0x73a8c0], sa_mask[0]=00000000000000000000000000000000, sa_flags=SA_RESTART|SA_SIGINFO
SIGHUP: SIG_DFL, sa_mask[0]=00000000000000000000000000000000, sa_flags=none
SIGINT: SIG_DFL, sa_mask[0]=00000000000000000000000000000000, sa_flags=none
SIGTERM: SIG_DFL, sa_mask[0]=00000000000000000000000000000000, sa_flags=none
SIGQUIT: SIG_DFL, sa_mask[0]=00000000000000000000000000000000, sa_flags=none


---------------  S Y S T E M  ---------------

OS:DISTRIB_ID=Ubuntu
DISTRIB_RELEASE=16.04
DISTRIB_CODENAME=xenial
DISTRIB_DESCRIPTION="Ubuntu 16.04.2 LTS"

uname:Linux 4.4.0-71-generic #92-Ubuntu SMP Fri Mar 24 12:58:08 UTC 2017 i686
libc:glibc 2.23 NPTL 2.23 
rlimit: STACK 8192k, CORE 0k, NPROC 15819, NOFILE 65536, AS infinity
load average:9.06 9.39 5.43

/proc/meminfo:
MemTotal:        2062272 kB
MemFree:          128592 kB
MemAvailable:       8604 kB
Buffers:             816 kB
Cached:            34956 kB
SwapCached:            0 kB
Active:          1839804 kB
Inactive:          27924 kB
Active(anon):    1832996 kB
Inactive(anon):    17824 kB
Active(file):       6808 kB
Inactive(file):    10100 kB
Unevictable:           0 kB
Mlocked:               0 kB
HighTotal:       1183688 kB
HighFree:          30324 kB
LowTotal:         878584 kB
LowFree:           98268 kB
SwapTotal:             0 kB
SwapFree:              0 kB
Dirty:               116 kB
Writeback:             0 kB
AnonPages:       1832120 kB
Mapped:            29000 kB
Shmem:             18700 kB
Slab:              33992 kB
SReclaimable:      17924 kB
SUnreclaim:        16068 kB
KernelStack:        4240 kB
PageTables:        12912 kB
NFS_Unstable:          0 kB
Bounce:                0 kB
WritebackTmp:          0 kB
CommitLimit:     1031136 kB
Committed_AS:    4907208 kB
VmallocTotal:     122880 kB
VmallocUsed:           0 kB
VmallocChunk:          0 kB
AnonHugePages:    716800 kB
CmaTotal:              0 kB
CmaFree:               0 kB
HugePages_Total:       0
HugePages_Free:        0
HugePages_Rsvd:        0
HugePages_Surp:        0
Hugepagesize:       2048 kB
DirectMap4k:       34808 kB
DirectMap2M:      878592 kB


CPU:total 2 (2 cores per cpu, 1 threads per core) family 6 model 60 stepping 3, cmov, cx8, fxsr, mmx, sse, sse2, sse3, ssse3, sse4.1, sse4.2, popcnt, avx, aes, clmul, lzcnt, tsc, tscinvbit

/proc/cpuinfo:
processor	: 0
vendor_id	: GenuineIntel
cpu family	: 6
model		: 60
model name	: Intel(R) Core(TM) i7-4790K CPU @ 4.00GHz
stepping	: 3
cpu MHz		: 3999.996
cache size	: 8192 KB
physical id	: 0
siblings	: 2
core id		: 0
cpu cores	: 2
apicid		: 0
initial apicid	: 0
fdiv_bug	: no
f00f_bug	: no
coma_bug	: no
fpu		: yes
fpu_exception	: yes
cpuid level	: 13
wp		: yes
flags		: fpu vme de pse tsc msr pae mce cx8 apic sep mtrr pge mca cmov pat pse36 clflush mmx fxsr sse sse2 ht nx rdtscp constant_tsc xtopology nonstop_tsc pni pclmulqdq ssse3 cx16 sse4_1 sse4_2 movbe popcnt aes xsave avx rdrand hypervisor lahf_lm abm
bugs		:
bogomips	: 7999.99
clflush size	: 64
cache_alignment	: 64
address sizes	: 39 bits physical, 48 bits virtual
power management:

processor	: 1
vendor_id	: GenuineIntel
cpu family	: 6
model		: 60
model name	: Intel(R) Core(TM) i7-4790K CPU @ 4.00GHz
stepping	: 3
cpu MHz		: 3999.996
cache size	: 8192 KB
physical id	: 0
siblings	: 2
core id		: 1
cpu cores	: 2
apicid		: 1
initial apicid	: 1
fdiv_bug	: no
f00f_bug	: no
coma_bug	: no
fpu		: yes
fpu_exception	: yes
cpuid level	: 13
wp		: yes
flags		: fpu vme de pse tsc msr pae mce cx8 apic sep mtrr pge mca cmov pat pse36 clflush mmx fxsr sse sse2 ht nx rdtscp constant_tsc xtopology nonstop_tsc pni pclmulqdq ssse3 cx16 sse4_1 sse4_2 movbe popcnt aes xsave avx rdrand hypervisor lahf_lm abm
bugs		:
bogomips	: 7999.99
clflush size	: 64
cache_alignment	: 64
address sizes	: 39 bits physical, 48 bits virtual
power management:



Memory: 4k page, physical 2062272k(128096k free), swap 0k(0k free)

vm_info: OpenJDK Server VM (25.121-b13) for linux-x86 JRE (1.8.0_121-8u121-b13-0ubuntu1.16.04.2-b13), built on Jan 23 2017 16:09:29 by "buildd" with gcc 5.4.0 20160609

time: Sat Apr 22 12:59:15 2017
elapsed time: 11 seconds (0d 0h 0m 11s)

