#
# There is insufficient memory for the Java Runtime Environment to continue.
# Native memory allocation (mmap) failed to map 99614720 bytes for committing reserved memory.
# Possible reasons:
#   The system is out of physical RAM or swap space
#   In 32 bit mode, the process size limit was hit
# Possible solutions:
#   Reduce memory load on the system
#   Increase physical memory or swap space
#   Check if swap backing store is full
#   Use 64 bit Java on a 64 bit OS
#   Decrease Java heap size (-Xmx/-Xms)
#   Decrease number of Java threads
#   Decrease Java thread stack sizes (-Xss)
#   Set larger code cache with -XX:ReservedCodeCacheSize=
# This output file may be truncated or incomplete.
#
#  Out of Memory Error (os_linux.cpp:2627), pid=3518, tid=1952295744
#
# JRE version: Java(TM) SE Runtime Environment (8.0_91-b14) (build 1.8.0_91-b14)
# Java VM: Java HotSpot(TM) Server VM (25.91-b14 mixed mode linux-x86 )
# Failed to write core dump. Core dumps have been disabled. To enable core dumping, try "ulimit -c unlimited" before starting Java again
#

---------------  T H R E A D  ---------------

Current thread (0x74488c00):  VMThread [stack: 0x7455a000,0x745db000] [id=3528]

Stack: [0x7455a000,0x745db000],  sp=0x745d9910,  free space=510k
Native frames: (J=compiled Java code, j=interpreted, Vv=VM code, C=native code)
V  [libjvm.so+0x8cff4f]  VMError::report_and_die()+0x16f
V  [libjvm.so+0x38d165]  report_vm_out_of_memory(char const*, int, unsigned int, VMErrorType, char const*)+0x55
V  [libjvm.so+0x7536d6]  os::Linux::commit_memory_impl(char*, unsigned int, bool)+0xe6
V  [libjvm.so+0x753ba8]  os::pd_commit_memory(char*, unsigned int, unsigned int, bool)+0x28
V  [libjvm.so+0x74dacc]  os::commit_memory(char*, unsigned int, unsigned int, bool)+0x2c
V  [libjvm.so+0x7b8608]  PSVirtualSpace::expand_by(unsigned int)+0x48
V  [libjvm.so+0x7b970a]  PSYoungGen::resize_generation(unsigned int, unsigned int)+0xda
V  [libjvm.so+0x7b8a39]  PSYoungGen::resize(unsigned int, unsigned int)+0x19
V  [libjvm.so+0x7b6365]  PSScavenge::invoke_no_policy()+0xd15
V  [libjvm.so+0x7b2565]  PSParallelCompact::invoke(bool)+0x75
V  [libjvm.so+0x321ffd]  CollectedHeap::collect_as_vm_thread(GCCause::Cause)+0xed
V  [libjvm.so+0x8d1515]  VM_CollectForMetadataAllocation::doit()+0x145
V  [libjvm.so+0x8db027]  VM_Operation::evaluate()+0x47
V  [libjvm.so+0x8d9103]  VMThread::evaluate_operation(VM_Operation*)+0xb3
V  [libjvm.so+0x8d94a0]  VMThread::loop()+0x1b0
V  [libjvm.so+0x8d9905]  VMThread::run()+0x85
V  [libjvm.so+0x755d19]  java_start(Thread*)+0x119
C  [libpthread.so.0+0x6295]  start_thread+0xe5

VM_Operation (0xb674406c): CollectForMetadataAllocation, mode: safepoint, requested by thread 0xb650d000


---------------  P R O C E S S  ---------------

Java Threads: ( => current thread )
  0x744b2400 JavaThread "Service Thread" daemon [_thread_blocked, id=3535, stack(0x73e2c000,0x73e7d000)]
  0x744af400 JavaThread "C1 CompilerThread2" daemon [_thread_blocked, id=3534, stack(0x73e7d000,0x73efe000)]
  0x744ae000 JavaThread "C2 CompilerThread1" daemon [_thread_blocked, id=3533, stack(0x73efe000,0x73f7f000)]
  0x744ac000 JavaThread "C2 CompilerThread0" daemon [_thread_blocked, id=3532, stack(0x73f7f000,0x74000000)]
  0x744aa800 JavaThread "Signal Dispatcher" daemon [_thread_blocked, id=3531, stack(0x74509000,0x7455a000)]
  0x74490400 JavaThread "Finalizer" daemon [_thread_blocked, id=3530, stack(0x7682e000,0x7687f000)]
  0x7448d400 JavaThread "Reference Handler" daemon [_thread_blocked, id=3529, stack(0x76b2e000,0x76b7f000)]
  0xb650d000 JavaThread "main" [_thread_blocked, id=3523, stack(0xb66f7000,0xb6748000)]

Other Threads:
=>0x74488c00 VMThread [stack: 0x7455a000,0x745db000] [id=3528]
  0x744b5400 WatcherThread [stack: 0x73dab000,0x73e2c000] [id=3536]

VM state:at safepoint (normal execution)

VM Mutex/Monitor currently owned by a thread:  ([mutex/lock_event])
[0xb650a680] Threads_lock - owner thread: 0x74488c00
[0xb650aa90] Heap_lock - owner thread: 0xb650d000

Heap:
 PSYoungGen      total 107520K, used 5332K [0x97000000, 0x9e200000, 0xa7000000)
  eden space 98304K, 0% used [0x97000000,0x97000000,0x9d000000)
  from space 9216K, 57% used [0x9d000000,0x9d5351b0,0x9d900000)
  to   space 8704K, 0% used [0x9d980000,0x9d980000,0x9e200000)
 ParOldGen       total 32768K, used 15853K [0x77000000, 0x79000000, 0x97000000)
  object space 32768K, 48% used [0x77000000,0x77f7b518,0x79000000)
 Metaspace       used 16208K, capacity 16384K, committed 16384K, reserved 16688K

Card table byte_map: [0x76e7f000,0x77000000] byte_map_base: 0x76ac7000

Marking Bits: (ParMarkBitMap*) 0xb71a0bc0
 Begin Bits: [0x74f00000, 0x75b00000)
 End Bits:   [0x75b00000, 0x76700000)

Polling page: 0xb77b0000

CodeCache: size=245760Kb used=6375Kb max_used=6388Kb free=239384Kb
 bounds [0xa7500000, 0xa7b40000, 0xb6500000]
 total_blobs=2405 nmethods=2217 adapters=100
 compilation: enabled

Compilation events (10 events):
Event: 13.727 Thread 0x744af400 nmethod 2367 0xa7b38348 code [0xa7b38460, 0xa7b38540]
Event: 13.737 Thread 0x744af400 2369       3       java.util.concurrent.ConcurrentHashMap::remove (8 bytes)
Event: 13.737 Thread 0x744ac000 nmethod 2355% 0xa7b3bbc8 code [0xa7b3bd40, 0xa7b3c79c]
Event: 13.737 Thread 0x744af400 nmethod 2369 0xa7b3b8c8 code [0xa7b3b9e0, 0xa7b3bb4c]
Event: 13.923 Thread 0x744ae000 2371       4       org.springframework.beans.factory.support.AbstractAutowireCapableBeanFactory::predictBeanType (126 bytes)
Event: 13.931 Thread 0x744ac000 2370       4       org.springframework.beans.factory.support.AbstractBeanFactory::getMergedLocalBeanDefinition (31 bytes)
Event: 13.934 Thread 0x744ae000 nmethod 2371 0xa7b3cec8 code [0xa7b3d020, 0xa7b3d4e4]
Event: 13.958 Thread 0x744ac000 nmethod 2370 0xa7b38788 code [0xa7b38980, 0xa7b395b8]
Event: 14.144 Thread 0x744af400 2372       1       java.util.Formatter$FixedString::index (3 bytes)
Event: 14.144 Thread 0x744af400 nmethod 2372 0xa7b2e988 code [0xa7b2ea80, 0xa7b2eb20]

GC Heap History (10 events):
Event: 1.540 GC heap after
Heap after GC invocations=2 (full 0):
 PSYoungGen      total 26624K, used 2040K [0x97000000, 0x98c00000, 0xa7000000)
  eden space 24576K, 0% used [0x97000000,0x97000000,0x98800000)
  from space 2048K, 99% used [0x98a00000,0x98bfe3a0,0x98c00000)
  to   space 2048K, 0% used [0x98800000,0x98800000,0x98a00000)
 ParOldGen       total 32768K, used 486K [0x77000000, 0x79000000, 0x97000000)
  object space 32768K, 1% used [0x77000000,0x77079890,0x79000000)
 Metaspace       used 4879K, capacity 4907K, committed 5016K, reserved 5424K
}
Event: 3.802 GC heap before
{Heap before GC invocations=3 (full 0):
 PSYoungGen      total 26624K, used 26616K [0x97000000, 0x98c00000, 0xa7000000)
  eden space 24576K, 100% used [0x97000000,0x98800000,0x98800000)
  from space 2048K, 99% used [0x98a00000,0x98bfe3a0,0x98c00000)
  to   space 2048K, 0% used [0x98800000,0x98800000,0x98a00000)
 ParOldGen       total 32768K, used 486K [0x77000000, 0x79000000, 0x97000000)
  object space 32768K, 1% used [0x77000000,0x77079890,0x79000000)
 Metaspace       used 7103K, capacity 7147K, committed 7192K, reserved 7472K
Event: 3.831 GC heap after
Heap after GC invocations=3 (full 0):
 PSYoungGen      total 26624K, used 2038K [0x97000000, 0x9a400000, 0xa7000000)
  eden space 24576K, 0% used [0x97000000,0x97000000,0x98800000)
  from space 2048K, 99% used [0x98800000,0x989fdb28,0x98a00000)
  to   space 2048K, 0% used [0x9a200000,0x9a200000,0x9a400000)
 ParOldGen       total 32768K, used 5902K [0x77000000, 0x79000000, 0x97000000)
  object space 32768K, 18% used [0x77000000,0x775c39c8,0x79000000)
 Metaspace       used 7103K, capacity 7147K, committed 7192K, reserved 7472K
}
Event: 4.529 GC heap before
{Heap before GC invocations=4 (full 0):
 PSYoungGen      total 26624K, used 26614K [0x97000000, 0x9a400000, 0xa7000000)
  eden space 24576K, 100% used [0x97000000,0x98800000,0x98800000)
  from space 2048K, 99% used [0x98800000,0x989fdb28,0x98a00000)
  to   space 2048K, 0% used [0x9a200000,0x9a200000,0x9a400000)
 ParOldGen       total 32768K, used 5902K [0x77000000, 0x79000000, 0x97000000)
  object space 32768K, 18% used [0x77000000,0x775c39c8,0x79000000)
 Metaspace       used 9933K, capacity 9963K, committed 10008K, reserved 10544K
Event: 4.550 GC heap after
Heap after GC invocations=4 (full 0):
 PSYoungGen      total 51200K, used 2038K [0x97000000, 0x9a400000, 0xa7000000)
  eden space 49152K, 0% used [0x97000000,0x97000000,0x9a000000)
  from space 2048K, 99% used [0x9a200000,0x9a3fdb68,0x9a400000)
  to   space 2048K, 0% used [0x9a000000,0x9a000000,0x9a200000)
 ParOldGen       total 32768K, used 10223K [0x77000000, 0x79000000, 0x97000000)
  object space 32768K, 31% used [0x77000000,0x779fbfb8,0x79000000)
 Metaspace       used 9933K, capacity 9963K, committed 10008K, reserved 10544K
}
Event: 6.442 GC heap before
{Heap before GC invocations=5 (full 0):
 PSYoungGen      total 51200K, used 51190K [0x97000000, 0x9a400000, 0xa7000000)
  eden space 49152K, 100% used [0x97000000,0x9a000000,0x9a000000)
  from space 2048K, 99% used [0x9a200000,0x9a3fdb68,0x9a400000)
  to   space 2048K, 0% used [0x9a000000,0x9a000000,0x9a200000)
 ParOldGen       total 32768K, used 10223K [0x77000000, 0x79000000, 0x97000000)
  object space 32768K, 31% used [0x77000000,0x779fbfb8,0x79000000)
 Metaspace       used 13556K, capacity 13621K, committed 13720K, reserved 14640K
Event: 6.491 GC heap after
Heap after GC invocations=5 (full 0):
 PSYoungGen      total 51200K, used 2046K [0x97000000, 0x9e300000, 0xa7000000)
  eden space 49152K, 0% used [0x97000000,0x97000000,0x9a000000)
  from space 2048K, 99% used [0x9a000000,0x9a1ffb88,0x9a200000)
  to   space 9728K, 0% used [0x9d980000,0x9d980000,0x9e300000)
 ParOldGen       total 32768K, used 15514K [0x77000000, 0x79000000, 0x97000000)
  object space 32768K, 47% used [0x77000000,0x77f269e0,0x79000000)
 Metaspace       used 13556K, capacity 13621K, committed 13720K, reserved 14640K
}
Event: 7.424 GC heap before
{Heap before GC invocations=6 (full 0):
 PSYoungGen      total 51200K, used 51198K [0x97000000, 0x9e300000, 0xa7000000)
  eden space 49152K, 100% used [0x97000000,0x9a000000,0x9a000000)
  from space 2048K, 99% used [0x9a000000,0x9a1ffb88,0x9a200000)
  to   space 9728K, 0% used [0x9d980000,0x9d980000,0x9e300000)
 ParOldGen       total 32768K, used 15514K [0x77000000, 0x79000000, 0x97000000)
  object space 32768K, 47% used [0x77000000,0x77f269e0,0x79000000)
 Metaspace       used 15020K, capacity 15190K, committed 15256K, reserved 15664K
Event: 7.531 GC heap after
Heap after GC invocations=6 (full 0):
 PSYoungGen      total 107008K, used 5417K [0x97000000, 0x9e200000, 0xa7000000)
  eden space 98304K, 0% used [0x97000000,0x97000000,0x9d000000)
  from space 8704K, 62% used [0x9d980000,0x9deca4d8,0x9e200000)
  to   space 9216K, 0% used [0x9d000000,0x9d000000,0x9d900000)
 ParOldGen       total 32768K, used 15518K [0x77000000, 0x79000000, 0x97000000)
  object space 32768K, 47% used [0x77000000,0x77f279e0,0x79000000)
 Metaspace       used 15020K, capacity 15190K, committed 15256K, reserved 15664K
}
Event: 14.442 GC heap before
{Heap before GC invocations=7 (full 0):
 PSYoungGen      total 107008K, used 39129K [0x97000000, 0x9e200000, 0xa7000000)
  eden space 98304K, 34% used [0x97000000,0x990ec078,0x9d000000)
  from space 8704K, 62% used [0x9d980000,0x9deca4d8,0x9e200000)
  to   space 9216K, 0% used [0x9d000000,0x9d000000,0x9d900000)
 ParOldGen       total 32768K, used 15518K [0x77000000, 0x79000000, 0x97000000)
  object space 32768K, 47% used [0x77000000,0x77f279e0,0x79000000)
 Metaspace       used 16208K, capacity 16384K, committed 16384K, reserved 16688K

Deoptimization events (10 events):
Event: 6.846 Thread 0xb650d000 Uncommon trap: reason=bimorphic action=maybe_recompile pc=0xa7704aa0 method=java.util.HashMap.putVal(ILjava/lang/Object;Ljava/lang/Object;ZZ)Ljava/lang/Object; @ 253
Event: 7.137 Thread 0xb650d000 Uncommon trap: reason=class_check action=maybe_recompile pc=0xa77b7910 method=java.util.concurrent.ConcurrentHashMap.putVal(Ljava/lang/Object;Ljava/lang/Object;Z)Ljava/lang/Object; @ 192
Event: 7.733 Thread 0xb650d000 Uncommon trap: reason=predicate action=maybe_recompile pc=0xa7a8b460 method=java.util.AbstractCollection.toArray([Ljava/lang/Object;)[Ljava/lang/Object; @ 49
Event: 7.906 Thread 0xb650d000 Uncommon trap: reason=unstable_if action=reinterpret pc=0xa77b9adc method=java.lang.ThreadLocal$ThreadLocalMap.getEntry(Ljava/lang/ThreadLocal;)Ljava/lang/ThreadLocal$ThreadLocalMap$Entry; @ 29
Event: 8.006 Thread 0xb650d000 Uncommon trap: reason=unstable_if action=reinterpret pc=0xa77b744c method=java.util.concurrent.ConcurrentHashMap.putVal(Ljava/lang/Object;Ljava/lang/Object;Z)Ljava/lang/Object; @ 206
Event: 8.092 Thread 0xb650d000 Uncommon trap: reason=array_check action=maybe_recompile pc=0xa7a88a88 method=java.util.AbstractCollection.toArray([Ljava/lang/Object;)[Ljava/lang/Object; @ 119
Event: 8.142 Thread 0xb650d000 Uncommon trap: reason=array_check action=maybe_recompile pc=0xa7a88a88 method=java.util.AbstractCollection.toArray([Ljava/lang/Object;)[Ljava/lang/Object; @ 119
Event: 8.166 Thread 0xb650d000 Uncommon trap: reason=array_check action=maybe_recompile pc=0xa7a88a88 method=java.util.AbstractCollection.toArray([Ljava/lang/Object;)[Ljava/lang/Object; @ 119
Event: 8.181 Thread 0xb650d000 Uncommon trap: reason=array_check action=maybe_recompile pc=0xa7a88a88 method=java.util.AbstractCollection.toArray([Ljava/lang/Object;)[Ljava/lang/Object; @ 119
Event: 8.449 Thread 0xb650d000 Uncommon trap: reason=unstable_if action=reinterpret pc=0xa79ef480 method=java.util.LinkedList.node(I)Ljava/util/LinkedList$Node; @ 49

Internal exceptions (10 events):
Event: 13.712 Thread 0xb650d000 Exception <a 'java/lang/ClassNotFoundException': java/lang/ObjectCustomizer> (0x98c9bc08) thrown at [/HUDSON/workspace/8-2-build-linux-i586/jdk8u91/6644/hotspot/src/share/vm/classfile/systemDictionary.cpp, line 210]
Event: 13.713 Thread 0xb650d000 Exception <a 'java/lang/ClassNotFoundException': org/springframework/boot/context/properties/ConfigurationPropertiesBindingPostProcessorCustomizer> (0x98cbc590) thrown at [/HUDSON/workspace/8-2-build-linux-i586/jdk8u91/6644/hotspot/src/share/vm/classfile/
Event: 13.715 Thread 0xb650d000 Exception <a 'java/lang/ClassNotFoundException': org/springframework/beans/factory/config/BeanPostProcessorCustomizer> (0x98cf48d8) thrown at [/HUDSON/workspace/8-2-build-linux-i586/jdk8u91/6644/hotspot/src/share/vm/classfile/systemDictionary.cpp, line 21
Event: 13.715 Thread 0xb650d000 Exception <a 'java/lang/ClassNotFoundException': org/springframework/beans/factory/BeanFactoryAwareCustomizer> (0x98d0a580) thrown at [/HUDSON/workspace/8-2-build-linux-i586/jdk8u91/6644/hotspot/src/share/vm/classfile/systemDictionary.cpp, line 210]
Event: 13.715 Thread 0xb650d000 Exception <a 'java/lang/ClassNotFoundException': org/springframework/context/EnvironmentAwareCustomizer> (0x98d1e560) thrown at [/HUDSON/workspace/8-2-build-linux-i586/jdk8u91/6644/hotspot/src/share/vm/classfile/systemDictionary.cpp, line 210]
Event: 13.715 Thread 0xb650d000 Exception <a 'java/lang/ClassNotFoundException': org/springframework/context/ApplicationContextAwareCustomizer> (0x98d33d58) thrown at [/HUDSON/workspace/8-2-build-linux-i586/jdk8u91/6644/hotspot/src/share/vm/classfile/systemDictionary.cpp, line 210]
Event: 13.716 Thread 0xb650d000 Exception <a 'java/lang/ClassNotFoundException': org/springframework/beans/factory/InitializingBeanCustomizer> (0x98d49780) thrown at [/HUDSON/workspace/8-2-build-linux-i586/jdk8u91/6644/hotspot/src/share/vm/classfile/systemDictionary.cpp, line 210]
Event: 13.716 Thread 0xb650d000 Exception <a 'java/lang/ClassNotFoundException': org/springframework/beans/factory/DisposableBeanCustomizer> (0x98d5df30) thrown at [/HUDSON/workspace/8-2-build-linux-i586/jdk8u91/6644/hotspot/src/share/vm/classfile/systemDictionary.cpp, line 210]
Event: 13.716 Thread 0xb650d000 Exception <a 'java/lang/ClassNotFoundException': org/springframework/context/ApplicationListenerCustomizer> (0x98d725f0) thrown at [/HUDSON/workspace/8-2-build-linux-i586/jdk8u91/6644/hotspot/src/share/vm/classfile/systemDictionary.cpp, line 210]
Event: 13.718 Thread 0xb650d000 Exception <a 'java/lang/ClassNotFoundException': org/springframework/core/PriorityOrderedCustomizer> (0x98d853d8) thrown at [/HUDSON/workspace/8-2-build-linux-i586/jdk8u91/6644/hotspot/src/share/vm/classfile/systemDictionary.cpp, line 210]

Events (10 events):
Event: 14.384 Executing VM operation: RevokeBias done
Event: 14.384 loading class org/hibernate/validator/internal/util/logging/Log_$logger_en
Event: 14.384 loading class org/hibernate/validator/internal/util/logging/Log_$logger_en done
Event: 14.387 loading class org/hibernate/validator/internal/util/logging/Log_$logger_en_US
Event: 14.387 loading class org/hibernate/validator/internal/util/logging/Log_$logger_en_US done
Event: 14.387 loading class org/hibernate/validator/internal/util/logging/Log_$logger_en
Event: 14.387 loading class org/hibernate/validator/internal/util/logging/Log_$logger_en done
Event: 14.387 loading class org/hibernate/validator/internal/util/ConcurrentReferenceHashMap
Event: 14.387 loading class org/hibernate/validator/internal/util/ConcurrentReferenceHashMap done
Event: 14.442 Executing VM operation: CollectForMetadataAllocation


Dynamic libraries:
08048000-08049000 r-xp 00000000 08:01 324972     /home/alsu/JDK/jdk1.8.0_91/bin/java
08049000-0804a000 rw-p 00000000 08:01 324972     /home/alsu/JDK/jdk1.8.0_91/bin/java
0891c000-0894c000 rw-p 00000000 00:00 0          [heap]
6f500000-6f5bd000 rw-p 00000000 00:00 0 
6f5bd000-6f600000 ---p 00000000 00:00 0 
6f700000-6f800000 rw-p 00000000 00:00 0 
6fa00000-6faf6000 rw-p 00000000 00:00 0 
6faf6000-6fb00000 ---p 00000000 00:00 0 
6fb00000-6fbed000 rw-p 00000000 00:00 0 
6fbed000-6fc00000 ---p 00000000 00:00 0 
6fc00000-6fcff000 rw-p 00000000 00:00 0 
6fcff000-6fd00000 ---p 00000000 00:00 0 
6fd00000-6fe00000 rw-p 00000000 00:00 0 
6fe00000-6ff00000 rw-p 00000000 00:00 0 
70100000-701fc000 rw-p 00000000 00:00 0 
701fc000-70200000 ---p 00000000 00:00 0 
70500000-705fb000 rw-p 00000000 00:00 0 
705fb000-70600000 ---p 00000000 00:00 0 
70600000-70700000 rw-p 00000000 00:00 0 
70700000-707ff000 rw-p 00000000 00:00 0 
707ff000-70800000 ---p 00000000 00:00 0 
70800000-708fd000 rw-p 00000000 00:00 0 
708fd000-70900000 ---p 00000000 00:00 0 
70900000-70b00000 rw-p 00000000 00:00 0 
70b00000-70bc0000 rw-p 00000000 00:00 0 
70bc0000-70c00000 ---p 00000000 00:00 0 
70d00000-70dd5000 rw-p 00000000 00:00 0 
70dd5000-70e00000 ---p 00000000 00:00 0 
70e00000-70f00000 rw-p 00000000 00:00 0 
70f00000-70f72000 rw-p 00000000 00:00 0 
70f72000-71000000 ---p 00000000 00:00 0 
71000000-710b1000 rw-p 00000000 00:00 0 
710b1000-71100000 ---p 00000000 00:00 0 
71100000-711f3000 rw-p 00000000 00:00 0 
711f3000-71200000 ---p 00000000 00:00 0 
71200000-712fe000 rw-p 00000000 00:00 0 
712fe000-71300000 ---p 00000000 00:00 0 
71400000-714f7000 rw-p 00000000 00:00 0 
714f7000-71500000 ---p 00000000 00:00 0 
71500000-71600000 rw-p 00000000 00:00 0 
71600000-716ba000 rw-p 00000000 00:00 0 
716ba000-71700000 ---p 00000000 00:00 0 
71700000-71800000 rw-p 00000000 00:00 0 
71800000-718fe000 rw-p 00000000 00:00 0 
718fe000-71900000 ---p 00000000 00:00 0 
71900000-719f1000 rw-p 00000000 00:00 0 
719f1000-71a00000 ---p 00000000 00:00 0 
71a00000-71ae9000 rw-p 00000000 00:00 0 
71ae9000-71b00000 ---p 00000000 00:00 0 
71b00000-71bfd000 rw-p 00000000 00:00 0 
71bfd000-71c00000 ---p 00000000 00:00 0 
71c00000-71cf8000 rw-p 00000000 00:00 0 
71cf8000-71d00000 ---p 00000000 00:00 0 
71d00000-71d9a000 rw-p 00000000 00:00 0 
71d9a000-71e00000 ---p 00000000 00:00 0 
71e00000-71ef9000 rw-p 00000000 00:00 0 
71ef9000-71f00000 ---p 00000000 00:00 0 
71f00000-72000000 rw-p 00000000 00:00 0 
72000000-720fc000 rw-p 00000000 00:00 0 
720fc000-72100000 ---p 00000000 00:00 0 
72100000-721ff000 rw-p 00000000 00:00 0 
721ff000-72200000 ---p 00000000 00:00 0 
72200000-72300000 rw-p 00000000 00:00 0 
72300000-72400000 rw-p 00000000 00:00 0 
72400000-724fa000 rw-p 00000000 00:00 0 
724fa000-72500000 ---p 00000000 00:00 0 
7251a000-725af000 r--s 01103000 08:01 325285     /home/alsu/JDK/jdk1.8.0_91/jre/lib/ext/jfxrt.jar
725af000-725b2000 ---p 00000000 00:00 0 
725b2000-72700000 rw-p 00000000 00:00 0 
72700000-727ff000 rw-p 00000000 00:00 0 
727ff000-72800000 ---p 00000000 00:00 0 
72800000-72900000 rw-p 00000000 00:00 0 
72900000-72a00000 rw-p 00000000 00:00 0 
72a00000-72aff000 rw-p 00000000 00:00 0 
72aff000-72b00000 ---p 00000000 00:00 0 
72b00000-72c00000 rw-p 00000000 00:00 0 
72c00000-72d00000 rw-p 00000000 00:00 0 
72d00000-72e00000 rw-p 00000000 00:00 0 
72e00000-72f00000 rw-p 00000000 00:00 0 
72f00000-73000000 rw-p 00000000 00:00 0 
73000000-73100000 rw-p 00000000 00:00 0 
7312f000-7313e000 r-xp 00000000 08:01 325124     /home/alsu/JDK/jdk1.8.0_91/jre/lib/i386/libnio.so
7313e000-7313f000 rw-p 0000e000 08:01 325124     /home/alsu/JDK/jdk1.8.0_91/jre/lib/i386/libnio.so
7313f000-7323f000 rw-p 00000000 00:00 0 
7323f000-73500000 rw-p 00000000 00:00 0 
73500000-73600000 rw-p 00000000 00:00 0 
73600000-736fd000 rw-p 00000000 00:00 0 
736fd000-73700000 ---p 00000000 00:00 0 
73700000-737fe000 rw-p 00000000 00:00 0 
737fe000-73800000 ---p 00000000 00:00 0 
73800000-73900000 rw-p 00000000 00:00 0 
73900000-739fb000 rw-p 00000000 00:00 0 
739fb000-73a00000 ---p 00000000 00:00 0 
73a00000-73afa000 rw-p 00000000 00:00 0 
73afa000-73b00000 ---p 00000000 00:00 0 
73b02000-73b08000 r--s 002f8000 08:01 325146     /home/alsu/JDK/jdk1.8.0_91/jre/lib/charsets.jar
73b08000-73b0b000 ---p 00000000 00:00 0 
73b0b000-73b59000 rw-p 00000000 00:00 0 
73b59000-73b6e000 r-xp 00000000 08:01 325089     /home/alsu/JDK/jdk1.8.0_91/jre/lib/i386/libnet.so
73b6e000-73b6f000 rw-p 00015000 08:01 325089     /home/alsu/JDK/jdk1.8.0_91/jre/lib/i386/libnet.so
73b6f000-73b77000 r-xp 00000000 08:01 325115     /home/alsu/JDK/jdk1.8.0_91/jre/lib/i386/libmanagement.so
73b77000-73b78000 rw-p 00007000 08:01 325115     /home/alsu/JDK/jdk1.8.0_91/jre/lib/i386/libmanagement.so
73b78000-73b80000 r--s 00084000 08:01 281999     /home/alsu/.gradle/caches/modules-2/files-2.1/org.eclipse.jetty/jetty-server/9.4.2.v20170220/d44c34ac77053f49c963dba7b122d01343f2d40d/jetty-server-9.4.2.v20170220.jar
73b80000-73b8b000 r--s 0006a000 08:01 281995     /home/alsu/.gradle/caches/modules-2/files-2.1/ch.qos.logback/logback-core/1.1.11/88b8df40340eed549fb07e2613879bf6b006704d/logback-core-1.1.11.jar
73b8b000-73bb4000 r--s 002b8000 08:01 282089     /home/alsu/.gradle/caches/modules-2/files-2.1/org.apache.tomcat.embed/tomcat-embed-core/8.5.11/72761f51fc7cef3ee19d4aafc7adc605df9f611f/tomcat-embed-core-8.5.11.jar
73bb4000-73c00000 r--s 0040d000 08:01 282087     /home/alsu/.gradle/caches/modules-2/files-2.1/org.codehaus.groovy/groovy/2.4.9/f2d11babe9a12219fe74e3518d55d9502527b9b9/groovy-2.4.9.jar
73c00000-73d00000 rw-p 00000000 00:00 0 
73d05000-73d07000 r--s 00006000 08:01 282001     /home/alsu/.gradle/caches/modules-2/files-2.1/org.ow2.asm/asm-tree/5.1/87b38c12a0ea645791ead9d3e74ae5268d1d6c34/asm-tree-5.1.jar
73d07000-73d0a000 r--s 00020000 08:01 282099     /home/alsu/.gradle/caches/modules-2/files-2.1/org.unbescape/unbescape/1.1.0.RELEASE/ab0db4fe0a6fa89fb8da2a40008a4e63a7f3f5b9/unbescape-1.1.0.RELEASE.jar
73d0a000-73d14000 r--s 000aa000 08:01 282097     /home/alsu/.gradle/caches/modules-2/files-2.1/org.javassist/javassist/3.21.0-GA/598244f595db5c5fb713731eddbb1c91a58d959b/javassist-3.21.0-GA.jar
73d14000-73d17000 r--s 00035000 08:01 282095     /home/alsu/.gradle/caches/modules-2/files-2.1/ognl/ognl/3.0.8/37e1aebfde7eb7baebc9ad4f85116ef9009c5fc5/ognl-3.0.8.jar
73d17000-73d1c000 r--s 00036000 08:01 282093     /home/alsu/.gradle/caches/modules-2/files-2.1/org.apache.tomcat.embed/tomcat-embed-websocket/8.5.11/dfa65e7857d46630761c0571758a56f7cbd1e9ba/tomcat-embed-websocket-8.5.11.jar
73d1c000-73d21000 r--s 00036000 08:01 282091     /home/alsu/.gradle/caches/modules-2/files-2.1/org.apache.tomcat.embed/tomcat-embed-el/8.5.11/60253815b897166903bf5ec41219c5bb15333a69/tomcat-embed-el-8.5.11.jar
73d21000-73d23000 r--s 0000a000 08:01 281993     /home/alsu/.gradle/caches/modules-2/files-2.1/org.ow2.asm/asm-commons/5.1/25d8a575034dd9cfcb375a39b5334f0ba9c8474e/asm-commons-5.1.jar
73d23000-73d25000 r--s 0000c000 08:01 281991     /home/alsu/.gradle/caches/modules-2/files-2.1/org.ow2.asm/asm/5.1/5ef31c4fe953b1fd00b8a88fa1d6820e8785bb45/asm-5.1.jar
73d25000-73d27000 r--s 00005000 08:01 281989     /home/alsu/.gradle/caches/modules-2/files-2.1/javax.annotation/javax.annotation-api/1.2/479c1e06db31c432330183f5cae684163f186146/javax.annotation-api-1.2.jar
73d27000-73d29000 r--s 0000c000 08:01 281987     /home/alsu/.gradle/caches/modules-2/files-2.1/org.eclipse.jetty/jetty-plus/9.4.2.v20170220/908da4be020ed60d38e949bee8eac6330916ecdf/jetty-plus-9.4.2.v20170220.jar
73d29000-73d2c000 r--s 00015000 08:01 281985     /home/alsu/.gradle/caches/modules-2/files-2.1/javax.servlet/javax.servlet-api/3.1.0/3cd63d075497751784b2fa84be59432f4905bf7c/javax.servlet-api-3.1.0.jar
73d2c000-73d32000 r--s 0003b000 08:01 281983     /home/alsu/.gradle/caches/modules-2/files-2.1/org.eclipse.jetty/jetty-client/9.4.2.v20170220/f196f59d1f511493bbbd0666f79144d7c790371b/jetty-client-9.4.2.v20170220.jar
73d32000-73d35000 r--s 00008000 08:01 281981     /home/alsu/.gradle/caches/modules-2/files-2.1/org.eclipse.jetty.websocket/websocket-api/9.4.2.v20170220/597db793fdb3103cb179130a478a481c49bcf94d/websocket-api-9.4.2.v20170220.jar
73d35000-73d38000 r--s 00014000 08:01 281979     /home/alsu/.gradle/caches/modules-2/files-2.1/org.eclipse.jetty/jetty-security/9.4.2.v20170220/17650f5424d3b5f3782d6c196a6ca4989a8adeec/jetty-security-9.4.2.v20170220.jar
73d38000-73d3a000 r--s 00004000 08:01 281977     /home/alsu/.gradle/caches/modules-2/files-2.1/org.slf4j/log4j-over-slf4j/1.7.24/6ab46c51a3848286a0db3ba7b22037b3834c3c44/log4j-over-slf4j-1.7.24.jar
73d3a000-73d3c000 r--s 00000000 08:01 281975     /home/alsu/.gradle/caches/modules-2/files-2.1/org.slf4j/jul-to-slf4j/1.7.24/25a2be668cb2ad1d05d76c0773df73b4b53617fd/jul-to-slf4j-1.7.24.jar
73d3c000-73d3e000 r--s 00003000 08:01 281973     /home/alsu/.gradle/caches/modules-2/files-2.1/org.slf4j/jcl-over-slf4j/1.7.24/e6a8629079856a2aa7862c6327ccf6dd1988d7fc/jcl-over-slf4j-1.7.24.jar
73d3e000-73d45000 r--s 00045000 08:01 281971     /home/alsu/.gradle/caches/modules-2/files-2.1/ch.qos.logback/logback-classic/1.1.11/ccedfbacef4a6515d2983e3f89ed753d5d4fb665/logback-classic-1.1.11.jar
73d45000-73d47000 r--s 00009000 08:01 281997     /home/alsu/.gradle/caches/modules-2/files-2.1/org.slf4j/slf4j-api/1.7.24/3f6b4bd4f8dbe8d4bea06d107a3826469b85c3e9/slf4j-api-1.7.24.jar
73d47000-73d54000 r--s 000b7000 08:01 282085     /home/alsu/.gradle/caches/modules-2/files-2.1/org.thymeleaf/thymeleaf/2.1.5.RELEASE/513bffa3daaac277460c1a0a2dccb228fa40569e/thymeleaf-2.1.5.RELEASE.jar
73d54000-73d55000 r--s 00000000 08:01 282083     /home/alsu/.gradle/caches/modules-2/files-2.1/org.springframework.boot/spring-boot-starter-tomcat/1.5.2.RELEASE/354320ef371fc4fc126d1bb8564cd73085a48823/spring-boot-starter-tomcat-1.5.2.RELEASE.jar
73d55000-73d57000 r--s 00007000 08:01 281969     /home/alsu/.gradle/caches/modules-2/files-2.1/javax.websocket/javax.websocket-api/1.0/fc843b649d4a1dcb0497669d262befa3918c7ba8/javax.websocket-api-1.0.jar
73d57000-73d5b000 r--s 00023000 08:01 281967     /home/alsu/.gradle/caches/modules-2/files-2.1/org.eclipse.jetty.websocket/javax-websocket-client-impl/9.4.2.v20170220/aacaf527577a12553553b75f743e00e3c339b247/javax-websocket-client-impl-9.4.2.v20170220.jar
73d5b000-73d5d000 r--s 00011000 08:01 281965     /home/alsu/.gradle/caches/modules-2/files-2.1/org.eclipse.jetty/jetty-annotations/9.4.2.v20170220/951c4fea46e162c9da3b3c3f4d8cdea0392b2327/jetty-annotations-9.4.2.v20170220.jar
73d5d000-73d5f000 r--s 00004000 08:01 281963     /home/alsu/.gradle/caches/modules-2/files-2.1/org.eclipse.jetty.websocket/websocket-servlet/9.4.2.v20170220/54acbe7e981542bb4b901f9c16784d16d8cede95/websocket-servlet-9.4.2.v20170220.jar
73d5f000-73d64000 r--s 0002c000 08:01 281959     /home/alsu/.gradle/caches/modules-2/files-2.1/org.eclipse.jetty.websocket/websocket-common/9.4.2.v20170220/7b672cf9c77fcc492750ccc5ba7df00082334664/websocket-common-9.4.2.v20170220.jar
73d64000-73d6c000 r--s 00067000 08:01 281951     /home/alsu/.gradle/caches/modules-2/files-2.1/org.eclipse.jetty/jetty-util/9.4.2.v20170220/df66fc12053bf23308d799890cd31bea497fda46/jetty-util-9.4.2.v20170220.jar
73d6c000-73d86000 r--s 000fd000 08:01 281943     /home/alsu/.gradle/caches/modules-2/files-2.1/org.springframework/spring-context/4.3.7.RELEASE/34b66b0b7910122ef95ba4fff6da9238ef80a5de/spring-context-4.3.7.RELEASE.jar
73d86000-73d94000 r--s 000ad000 08:01 281941     /home/alsu/.gradle/caches/modules-2/files-2.1/org.springframework/spring-beans/4.3.7.RELEASE/2de9f59f3202965438f3a02057d6ad8274636044/spring-beans-4.3.7.RELEASE.jar
73d94000-73dab000 r--s 000fb000 08:01 281469     /home/alsu/.gradle/caches/modules-2/files-2.1/org.springframework/spring-core/4.3.7.RELEASE/54fa2db94cc7222edc90ec71354e47cd1dc07f7b/spring-core-4.3.7.RELEASE.jar
73dab000-73dac000 ---p 00000000 00:00 0 
73dac000-73e2c000 rw-p 00000000 00:00 0 
73e2c000-73e2f000 ---p 00000000 00:00 0 
73e2f000-73e7d000 rw-p 00000000 00:00 0 
73e7d000-73e80000 ---p 00000000 00:00 0 
73e80000-73efe000 rw-p 00000000 00:00 0 
73efe000-73f01000 ---p 00000000 00:00 0 
73f01000-73f7f000 rw-p 00000000 00:00 0 
73f7f000-73f82000 ---p 00000000 00:00 0 
73f82000-74000000 rw-p 00000000 00:00 0 
74000000-74200000 r--p 00000000 08:01 1060       /usr/lib/locale/locale-archive
74200000-74300000 rw-p 00000000 00:00 0 
74300000-74321000 rw-p 00000000 00:00 0 
74321000-74400000 ---p 00000000 00:00 0 
74400000-744fb000 rw-p 00000000 00:00 0 
744fb000-74500000 ---p 00000000 00:00 0 
74500000-74501000 r--s 00007000 08:01 281961     /home/alsu/.gradle/caches/modules-2/files-2.1/org.eclipse.jetty.websocket/websocket-client/9.4.2.v20170220/ec608dcf5da269d42ea4d1a58b29172afd6b2b1f/websocket-client-9.4.2.v20170220.jar
74501000-74503000 r--s 00019000 08:01 281957     /home/alsu/.gradle/caches/modules-2/files-2.1/org.eclipse.jetty/jetty-servlet/9.4.2.v20170220/722a4b6df98b3a1a3ced1d80da06e8ebf49293ea/jetty-servlet-9.4.2.v20170220.jar
74503000-74506000 r--s 0001d000 08:01 281953     /home/alsu/.gradle/caches/modules-2/files-2.1/org.eclipse.jetty/jetty-io/9.4.2.v20170220/c0c1c3b9dfc2ecadf75aa789ab0feb3c74d5b820/jetty-io-9.4.2.v20170220.jar
74506000-74509000 r--s 00025000 08:01 281949     /home/alsu/.gradle/caches/modules-2/files-2.1/org.eclipse.jetty/jetty-http/9.4.2.v20170220/d22fac65c0c7a7cc188cfb9d70312b5ae0db8fd8/jetty-http-9.4.2.v20170220.jar
74509000-7450c000 ---p 00000000 00:00 0 
7450c000-7455a000 rw-p 00000000 00:00 0 
7455a000-7455b000 ---p 00000000 00:00 0 
7455b000-745db000 rw-p 00000000 00:00 0 
745db000-747b4000 r--s 03d1f000 08:01 325060     /home/alsu/JDK/jdk1.8.0_91/jre/lib/rt.jar
747b4000-74bfa000 rw-p 00000000 00:00 0 
74bfa000-74c00000 ---p 00000000 00:00 0 
74c00000-76700000 rw-p 00000000 00:00 0 
76700000-76800000 rw-p 00000000 00:00 0 
76800000-76805000 r--s 0003c000 08:01 281945     /home/alsu/.gradle/caches/modules-2/files-2.1/org.springframework/spring-expression/4.3.7.RELEASE/5257b6486e43d8c05674323fea5b415d4da72f38/spring-expression-4.3.7.RELEASE.jar
76805000-7680e000 r--s 00054000 08:01 281939     /home/alsu/.gradle/caches/modules-2/files-2.1/org.springframework/spring-aop/4.3.7.RELEASE/3f243d685e4a8a78a0c291445c6d85560ec4d339/spring-aop-4.3.7.RELEASE.jar
7680e000-7682e000 r--s 000e0000 08:01 281923     /home/alsu/.gradle/caches/modules-2/files-2.1/org.springframework.boot/spring-boot-autoconfigure/1.5.2.RELEASE/8a9b8c747bc2c86eefde10330cb2984541bcb9d1/spring-boot-autoconfigure-1.5.2.RELEASE.jar
7682e000-76831000 ---p 00000000 00:00 0 
76831000-7687f000 rw-p 00000000 00:00 0 
7687f000-76880000 ---p 00000000 00:00 0 
76880000-76900000 rw-p 00000000 00:00 0 
76900000-76a00000 rw-p 00000000 00:00 0 
76a00000-76a21000 rw-p 00000000 00:00 0 
76a21000-76b00000 ---p 00000000 00:00 0 
76b00000-76b02000 r--s 0000b000 08:01 281955     /home/alsu/.gradle/caches/modules-2/files-2.1/org.eclipse.jetty/jetty-xml/9.4.2.v20170220/e2943f6191c7bc36d891debee100ce56dbac76c6/jetty-xml-9.4.2.v20170220.jar
76b02000-76b05000 r--s 00042000 08:01 281937     /home/alsu/.gradle/caches/modules-2/files-2.1/com.fasterxml.jackson.core/jackson-core/2.8.7/8b46f39c78476fb848c81a49fa807a9e9506dddd/jackson-core-2.8.7.jar
76b05000-76b08000 r--s 0000b000 08:01 281935     /home/alsu/.gradle/caches/modules-2/files-2.1/com.fasterxml.jackson.core/jackson-annotations/2.8.0/45b426f7796b741035581a176744d91090e2e6fb/jackson-annotations-2.8.0.jar
76b08000-76b0a000 r--s 0000e000 08:01 281933     /home/alsu/.gradle/caches/modules-2/files-2.1/com.fasterxml/classmate/1.3.3/864c8e370a691e343210cc7c532fc198cee460d8/classmate-1.3.3.jar
76b0a000-76b0e000 r--s 0000c000 08:01 281929     /home/alsu/.gradle/caches/modules-2/files-2.1/javax.validation/validation-api/1.1.0.Final/8613ae82954779d518631e05daa73a6a954817d5/validation-api-1.1.0.Final.jar
76b0e000-76b1e000 r--s 00094000 08:01 281922     /home/alsu/.gradle/caches/modules-2/files-2.1/org.springframework.boot/spring-boot/1.5.2.RELEASE/46bb5d8c9ab5d3ef9e158ca5906ee7d3569befc1/spring-boot-1.5.2.RELEASE.jar
76b1e000-76b2e000 r--s 00077000 08:01 281921     /home/alsu/.gradle/caches/modules-2/files-2.1/org.springframework.boot/spring-boot-actuator/1.5.2.RELEASE/a477a9bcf414bce26c702872354ae60b1ed832f0/spring-boot-actuator-1.5.2.RELEASE.jar
76b2e000-76b31000 ---p 00000000 00:00 0 
76b31000-76b7f000 rw-p 00000000 00:00 0 
76b7f000-76b80000 ---p 00000000 00:00 0 
76b80000-76c00000 rw-p 00000000 00:00 0 
76c00000-76c21000 rw-p 00000000 00:00 0 
76c21000-76d00000 ---p 00000000 00:00 0 
76d00000-76d01000 r--s 00003000 08:01 281947     /home/alsu/.gradle/caches/modules-2/files-2.1/org.eclipse.jetty/jetty-continuation/9.4.2.v20170220/fa4c97f2d57eda61490d690cfac88f3dc9c7c92c/jetty-continuation-9.4.2.v20170220.jar
76d01000-76d03000 r--s 0000f000 08:01 281931     /home/alsu/.gradle/caches/modules-2/files-2.1/org.jboss.logging/jboss-logging/3.3.0.Final/3616bb87707910296e2c195dc016287080bba5af/jboss-logging-3.3.0.Final.jar
76d03000-76d09000 r--s 0003d000 08:01 281927     /home/alsu/.gradle/caches/modules-2/files-2.1/org.yaml/snakeyaml/1.17/7a27ea250c5130b2922b86dea63cbb1cc10a660c/snakeyaml-1.17.jar
76d09000-76d0a000 r--s 00000000 08:01 281925     /home/alsu/.gradle/caches/modules-2/files-2.1/org.springframework.boot/spring-boot-starter-logging/1.5.2.RELEASE/32210889e1f9bb09ac134b9f43a117ed62f0bed2/spring-boot-starter-logging-1.5.2.RELEASE.jar
76d0a000-76d0d000 r--s 0001a000 08:01 282081     /home/alsu/.gradle/caches/modules-2/files-2.1/nz.net.ultraq.thymeleaf/thymeleaf-layout-dialect/1.4.0/8d7810c069ed1534b9631fb1e85c35973546086/thymeleaf-layout-dialect-1.4.0.jar
76d0d000-76d11000 r--s 00037000 08:01 281920     /home/alsu/.gradle/caches/modules-2/files-2.1/org.mortbay.jasper/apache-el/8.0.33/1b8fa2179b3937cada939317bb135815e79c0ac2/apache-el-8.0.33.jar
76d11000-76d22000 r--s 000cf000 08:01 263442     /home/alsu/.gradle/caches/modules-2/files-2.1/org.springframework/spring-webmvc/4.3.7.RELEASE/d25b11a605589f176e3ecf1dcae62a991a18b377/spring-webmvc-4.3.7.RELEASE.jar
76d22000-76d7d000 rw-p 00000000 00:00 0 
76d7d000-76d7e000 ---p 00000000 00:00 0 
76d7e000-76dfe000 rw-p 00000000 00:00 0 
76dfe000-76dff000 ---p 00000000 00:00 0 
76dff000-76e8f000 rw-p 00000000 00:00 0 
76e8f000-76f7f000 ---p 00000000 00:00 0 
76f7f000-76fb8000 rw-p 00000000 00:00 0 
76fb8000-76fff000 ---p 00000000 00:00 0 
76fff000-79000000 rw-p 00000000 00:00 0 
79000000-97000000 ---p 00000000 00:00 0 
97000000-9e200000 rw-p 00000000 00:00 0 
a3f65000-a4100000 rw-p 00000000 00:00 0 
a4100000-a7000000 ---p 00000000 00:00 0 
a7000000-a7003000 r--s 00034000 08:01 282079     /home/alsu/.gradle/caches/modules-2/files-2.1/org.thymeleaf/thymeleaf-spring4/2.1.5.RELEASE/74cb9028e99597b5d71a98e919fd531a7fc290b4/thymeleaf-spring4-2.1.5.RELEASE.jar
a7003000-a7005000 r--s 00007000 08:01 281919     /home/alsu/.gradle/caches/modules-2/files-2.1/org.eclipse.jetty.websocket/javax-websocket-server-impl/9.4.2.v20170220/91efc78598b75a4e4b25f2d95d09ae1ef8fb8bd4/javax-websocket-server-impl-9.4.2.v20170220.jar
a7005000-a7007000 r--s 00007000 08:01 281918     /home/alsu/.gradle/caches/modules-2/files-2.1/org.eclipse.jetty.websocket/websocket-server/9.4.2.v20170220/66d529dcf0bc861c45873f0b3ce02fb63c06ae3f/websocket-server-9.4.2.v20170220.jar
a7007000-a7009000 r--s 0001c000 08:01 281917     /home/alsu/.gradle/caches/modules-2/files-2.1/org.eclipse.jetty/jetty-webapp/9.4.2.v20170220/20836cf5511ed713f79d0ffddde2397e13207948/jetty-webapp-9.4.2.v20170220.jar
a7009000-a700b000 r--s 00014000 08:01 281916     /home/alsu/.gradle/caches/modules-2/files-2.1/org.eclipse.jetty/jetty-servlets/9.4.2.v20170220/45abae6b38e3e62af2f45f96590e522593d3fb7/jetty-servlets-9.4.2.v20170220.jar
a700b000-a701c000 r--s 000b7000 08:01 281914     /home/alsu/.gradle/caches/modules-2/files-2.1/org.springframework/spring-web/4.3.7.RELEASE/7b69fc68cdb74c1c92f72905af6995696fcb56aa/spring-web-4.3.7.RELEASE.jar
a701c000-a702e000 r--s 0011d000 08:01 281913     /home/alsu/.gradle/caches/modules-2/files-2.1/com.fasterxml.jackson.core/jackson-databind/2.8.7/6c3257ef458ac58a8da69a6dca3d2a15286d88c8/jackson-databind-2.8.7.jar
a702e000-a703f000 r--s 000a1000 08:01 281912     /home/alsu/.gradle/caches/modules-2/files-2.1/org.hibernate/hibernate-validator/5.3.4.Final/2f6c8c0b646afe18e3ad205726729d3c4a85fe2e/hibernate-validator-5.3.4.Final.jar
a703f000-a7040000 r--s 00000000 08:01 281911     /home/alsu/.gradle/caches/modules-2/files-2.1/org.springframework.boot/spring-boot-starter/1.5.2.RELEASE/c72938c86ed3beadb385f29bc2954c8ca3aa47ab/spring-boot-starter-1.5.2.RELEASE.jar
a7040000-a7050000 rw-p 00000000 00:00 0 
a7050000-a7140000 ---p 00000000 00:00 0 
a7140000-a7159000 rw-p 00000000 00:00 0 
a7159000-a7500000 ---p 00000000 00:00 0 
a7500000-a7b40000 rwxp 00000000 00:00 0 
a7b40000-b6500000 ---p 00000000 00:00 0 
b6500000-b65f9000 rw-p 00000000 00:00 0 
b65f9000-b6600000 ---p 00000000 00:00 0 
b6600000-b6607000 r--s 000b1000 08:01 282107     /home/alsu/.gradle/caches/modules-2/files-2.1/org.webjars/bootstrap/3.3.7-1/990657dc94f7921d46aae4e54d46ab76a4d1c3b0/bootstrap-3.3.7-1.jar
b6607000-b6608000 r--s 00028000 08:01 282105     /home/alsu/.gradle/caches/modules-2/files-2.1/org.webjars/jquery/3.2.0/724e57193372d730292e38c95cb7cc79a5c9045d/jquery-3.2.0.jar
b6608000-b6609000 r--s 00000000 08:01 282077     /home/alsu/.gradle/caches/modules-2/files-2.1/org.springframework.boot/spring-boot-starter-thymeleaf/1.5.2.RELEASE/f72002abba821b4b7bf6f32afac33b526607c2af/spring-boot-starter-thymeleaf-1.5.2.RELEASE.jar
b6609000-b660a000 r--s 00000000 08:01 281910     /home/alsu/.gradle/caches/modules-2/files-2.1/org.springframework.boot/spring-boot-starter-actuator/1.5.2.RELEASE/e30a1a03f1521adbc0a6cfdb13b2f7038cafa279/spring-boot-starter-actuator-1.5.2.RELEASE.jar
b660a000-b660b000 r--s 00000000 08:01 281909     /home/alsu/.gradle/caches/modules-2/files-2.1/org.springframework.boot/spring-boot-starter-jetty/1.5.2.RELEASE/f2b0c305c5a61e4d64365d365ab9ac85917d650c/spring-boot-starter-jetty-1.5.2.RELEASE.jar
b660b000-b665a000 rw-p 00000000 00:00 0 
b665a000-b6673000 r-xp 00000000 08:01 325090     /home/alsu/JDK/jdk1.8.0_91/jre/lib/i386/libzip.so
b6673000-b6674000 rw-p 00019000 08:01 325090     /home/alsu/JDK/jdk1.8.0_91/jre/lib/i386/libzip.so
b6674000-b667f000 r-xp 00000000 08:01 144150     /lib/i386-linux-gnu/libnss_files-2.23.so
b667f000-b6680000 r--p 0000a000 08:01 144150     /lib/i386-linux-gnu/libnss_files-2.23.so
b6680000-b6681000 rw-p 0000b000 08:01 144150     /lib/i386-linux-gnu/libnss_files-2.23.so
b6681000-b6687000 rw-p 00000000 00:00 0 
b6687000-b6692000 r-xp 00000000 08:01 144136     /lib/i386-linux-gnu/libnss_nis-2.23.so
b6692000-b6693000 r--p 0000a000 08:01 144136     /lib/i386-linux-gnu/libnss_nis-2.23.so
b6693000-b6694000 rw-p 0000b000 08:01 144136     /lib/i386-linux-gnu/libnss_nis-2.23.so
b6694000-b66ab000 r-xp 00000000 08:01 144140     /lib/i386-linux-gnu/libnsl-2.23.so
b66ab000-b66ac000 r--p 00016000 08:01 144140     /lib/i386-linux-gnu/libnsl-2.23.so
b66ac000-b66ad000 rw-p 00017000 08:01 144140     /lib/i386-linux-gnu/libnsl-2.23.so
b66ad000-b66c1000 rw-p 00000000 00:00 0 
b66c1000-b66c9000 rw-s 00000000 08:01 924663     /tmp/hsperfdata_alsu/3518
b66c9000-b66ed000 r-xp 00000000 08:01 325105     /home/alsu/JDK/jdk1.8.0_91/jre/lib/i386/libjava.so
b66ed000-b66ee000 rw-p 00023000 08:01 325105     /home/alsu/JDK/jdk1.8.0_91/jre/lib/i386/libjava.so
b66ee000-b66f5000 r-xp 00000000 08:01 144154     /lib/i386-linux-gnu/librt-2.23.so
b66f5000-b66f6000 r--p 00006000 08:01 144154     /lib/i386-linux-gnu/librt-2.23.so
b66f6000-b66f7000 rw-p 00007000 08:01 144154     /lib/i386-linux-gnu/librt-2.23.so
b66f7000-b66fa000 ---p 00000000 00:00 0 
b66fa000-b6748000 rw-p 00000000 00:00 0 
b6748000-b679b000 r-xp 00000000 08:01 144138     /lib/i386-linux-gnu/libm-2.23.so
b679b000-b679c000 r--p 00052000 08:01 144138     /lib/i386-linux-gnu/libm-2.23.so
b679c000-b679d000 rw-p 00053000 08:01 144138     /lib/i386-linux-gnu/libm-2.23.so
b679d000-b7120000 r-xp 00000000 08:01 325111     /home/alsu/JDK/jdk1.8.0_91/jre/lib/i386/server/libjvm.so
b7120000-b718d000 rw-p 00983000 08:01 325111     /home/alsu/JDK/jdk1.8.0_91/jre/lib/i386/server/libjvm.so
b718d000-b75b6000 rw-p 00000000 00:00 0 
b75b6000-b7765000 r-xp 00000000 08:01 144142     /lib/i386-linux-gnu/libc-2.23.so
b7765000-b7766000 ---p 001af000 08:01 144142     /lib/i386-linux-gnu/libc-2.23.so
b7766000-b7768000 r--p 001af000 08:01 144142     /lib/i386-linux-gnu/libc-2.23.so
b7768000-b7769000 rw-p 001b1000 08:01 144142     /lib/i386-linux-gnu/libc-2.23.so
b7769000-b776c000 rw-p 00000000 00:00 0 
b776c000-b776f000 r-xp 00000000 08:01 144134     /lib/i386-linux-gnu/libdl-2.23.so
b776f000-b7770000 r--p 00002000 08:01 144134     /lib/i386-linux-gnu/libdl-2.23.so
b7770000-b7771000 rw-p 00003000 08:01 144134     /lib/i386-linux-gnu/libdl-2.23.so
b7771000-b7785000 r-xp 00000000 08:01 324320     /home/alsu/JDK/jdk1.8.0_91/lib/i386/jli/libjli.so
b7785000-b7786000 rw-p 00014000 08:01 324320     /home/alsu/JDK/jdk1.8.0_91/lib/i386/jli/libjli.so
b7786000-b779f000 r-xp 00000000 08:01 144162     /lib/i386-linux-gnu/libpthread-2.23.so
b779f000-b77a0000 r--p 00018000 08:01 144162     /lib/i386-linux-gnu/libpthread-2.23.so
b77a0000-b77a1000 rw-p 00019000 08:01 144162     /lib/i386-linux-gnu/libpthread-2.23.so
b77a1000-b77a3000 rw-p 00000000 00:00 0 
b77a3000-b77a4000 r--s 00000000 08:01 281908     /home/alsu/.gradle/caches/modules-2/files-2.1/org.springframework.boot/spring-boot-starter-web/1.5.2.RELEASE/27f29876980c079b46be16b759eafe92720f3338/spring-boot-starter-web-1.5.2.RELEASE.jar
b77a4000-b77a5000 r--p 002d4000 08:01 1060       /usr/lib/locale/locale-archive
b77a5000-b77ad000 r-xp 00000000 08:01 144152     /lib/i386-linux-gnu/libnss_compat-2.23.so
b77ad000-b77ae000 r--p 00007000 08:01 144152     /lib/i386-linux-gnu/libnss_compat-2.23.so
b77ae000-b77af000 rw-p 00008000 08:01 144152     /lib/i386-linux-gnu/libnss_compat-2.23.so
b77af000-b77b0000 rw-p 00000000 00:00 0 
b77b0000-b77b1000 ---p 00000000 00:00 0 
b77b1000-b77bc000 r-xp 00000000 08:01 325128     /home/alsu/JDK/jdk1.8.0_91/jre/lib/i386/libverify.so
b77bc000-b77bd000 rw-p 0000b000 08:01 325128     /home/alsu/JDK/jdk1.8.0_91/jre/lib/i386/libverify.so
b77bd000-b77bf000 rw-p 00000000 00:00 0 
b77bf000-b77c1000 r--p 00000000 00:00 0          [vvar]
b77c1000-b77c2000 r-xp 00000000 00:00 0          [vdso]
b77c2000-b77e4000 r-xp 00000000 08:01 144144     /lib/i386-linux-gnu/ld-2.23.so
b77e4000-b77e5000 rw-p 00000000 00:00 0 
b77e5000-b77e6000 r--p 00022000 08:01 144144     /lib/i386-linux-gnu/ld-2.23.so
b77e6000-b77e7000 rw-p 00023000 08:01 144144     /lib/i386-linux-gnu/ld-2.23.so
bfcfd000-bfcfe000 rwxp 00000000 00:00 0 
bfd2d000-bfd51000 rw-p 00000000 00:00 0          [stack]

VM Arguments:
jvm_args: -Dfile.encoding=UTF-8 -Duser.country=US -Duser.language=en -Duser.variant 
java_command: JollyOhtu.Main
java_class_path (initial): /home/alsu/Desktop/Jolly-ohtu/build/classes/main:/home/alsu/Desktop/Jolly-ohtu/build/resources/main:/home/alsu/.gradle/caches/modules-2/files-2.1/org.springframework.boot/spring-boot-starter-web/1.5.2.RELEASE/27f29876980c079b46be16b759eafe92720f3338/spring-boot-starter-web-1.5.2.RELEASE.jar:/home/alsu/.gradle/caches/modules-2/files-2.1/org.springframework.boot/spring-boot-starter-jetty/1.5.2.RELEASE/f2b0c305c5a61e4d64365d365ab9ac85917d650c/spring-boot-starter-jetty-1.5.2.RELEASE.jar:/home/alsu/.gradle/caches/modules-2/files-2.1/org.springframework.boot/spring-boot-starter-actuator/1.5.2.RELEASE/e30a1a03f1521adbc0a6cfdb13b2f7038cafa279/spring-boot-starter-actuator-1.5.2.RELEASE.jar:/home/alsu/.gradle/caches/modules-2/files-2.1/org.springframework.boot/spring-boot-starter-thymeleaf/1.5.2.RELEASE/f72002abba821b4b7bf6f32afac33b526607c2af/spring-boot-starter-thymeleaf-1.5.2.RELEASE.jar:/home/alsu/.gradle/caches/modules-2/files-2.1/org.webjars/jquery/3.2.0/724e57193372d730292e38c95cb7cc79a5c9045d/jquery-3.2.0.jar:/home/alsu/.gradle/caches/modules-2/files-2.1/org.webjars/bootstrap/3.3.7-1/990657dc94f7921d46aae4e54d46ab76a4d1c3b0/bootstrap-3.3.7-1.jar:/home/alsu/.gradle/caches/modules-2/files-2.1/org.springframework.boot/spring-boot-starter/1.5.2.RELEASE/c72938c86ed3beadb385f29bc2954c8ca3aa47ab/spring-boot-starter-1.5.2.RELEASE.jar:/home/alsu/.gradle/caches/modules-2/files-2.1/org.hibernate/hibernate-validator/5.3.4.Final/2f6c8c0b646afe18e3ad205726729d3c4a85fe2e/hibernate-validator-5.3.4.Final.jar:/home/alsu/.gradle/caches/modules-2/files-2.1/com.fasterxml.jackson.core/jackson-databind/2.8.7/6c3257ef458ac58a8da69a6dca3d2a15286d88c8/jackson-databind-2.8.7.jar:/home/alsu/.gradle/caches/modules-2/files-2.1/org.springframework/spring-web/4.3.7.RELEASE/7b69fc68cdb74c1c92f72905af6995696fcb56aa/spring-web-4.3.7.RELEASE.jar:/home/alsu/.gradle/caches/modules-2/files-2.1/org.springframework/spring-webmvc/4.3.7.RELEASE/d25b11a605589f176e3ecf1dcae62a991a18b
Launcher Type: SUN_STANDARD

Environment Variables:
PATH=/usr/local/sbin:/usr/local/bin:/usr/sbin:/usr/bin:/sbin:/bin:/usr/games:/usr/local/games:/snap/bin:/opt/gradle/gradle-3.4.1/bin
LD_LIBRARY_PATH=/home/alsu/JDK/jdk1.8.0_91/jre/lib/amd64:/home/alsu/JDK/jdk1.8.0_91/jre/lib/i386:
SHELL=/bin/bash
DISPLAY=:0

Signal Handlers:
SIGSEGV: [libjvm.so+0x8d0a60], sa_mask[0]=11111111011111111101111111111110, sa_flags=SA_RESTART|SA_SIGINFO
SIGBUS: [libjvm.so+0x8d0a60], sa_mask[0]=11111111011111111101111111111110, sa_flags=SA_RESTART|SA_SIGINFO
SIGFPE: [libjvm.so+0x7503b0], sa_mask[0]=11111111011111111101111111111110, sa_flags=SA_RESTART|SA_SIGINFO
SIGPIPE: [libjvm.so+0x7503b0], sa_mask[0]=11111111011111111101111111111110, sa_flags=SA_RESTART|SA_SIGINFO
SIGXFSZ: [libjvm.so+0x7503b0], sa_mask[0]=11111111011111111101111111111110, sa_flags=SA_RESTART|SA_SIGINFO
SIGILL: [libjvm.so+0x7503b0], sa_mask[0]=11111111011111111101111111111110, sa_flags=SA_RESTART|SA_SIGINFO
SIGUSR1: SIG_DFL, sa_mask[0]=00000000000000000000000000000000, sa_flags=none
SIGUSR2: [libjvm.so+0x751a30], sa_mask[0]=00100000000000000000000000000000, sa_flags=SA_RESTART|SA_SIGINFO
SIGHUP: [libjvm.so+0x752ee0], sa_mask[0]=11111111011111111101111111111110, sa_flags=SA_RESTART|SA_SIGINFO
SIGINT: SIG_IGN, sa_mask[0]=00000000000000000000000000000000, sa_flags=none
SIGTERM: [libjvm.so+0x752ee0], sa_mask[0]=11111111011111111101111111111110, sa_flags=SA_RESTART|SA_SIGINFO
SIGQUIT: [libjvm.so+0x752ee0], sa_mask[0]=11111111011111111101111111111110, sa_flags=SA_RESTART|SA_SIGINFO


---------------  S Y S T E M  ---------------

OS:DISTRIB_ID=Ubuntu
DISTRIB_RELEASE=16.04
DISTRIB_CODENAME=xenial
DISTRIB_DESCRIPTION="Ubuntu 16.04.2 LTS"

uname:Linux 4.4.0-71-generic #92-Ubuntu SMP Fri Mar 24 12:58:08 UTC 2017 i686
libc:glibc 2.23 NPTL 2.23 
rlimit: STACK 8192k, CORE 0k, NPROC 24258, NOFILE 65536, AS infinity
load average:4.91 1.36 0.73

/proc/meminfo:
MemTotal:        3142440 kB
MemFree:          189868 kB
MemAvailable:       8956 kB
Buffers:            1112 kB
Cached:            66436 kB
SwapCached:            0 kB
Active:          2820304 kB
Inactive:          56688 kB
Active(anon):    2810724 kB
Inactive(anon):    43352 kB
Active(file):       9580 kB
Inactive(file):    13336 kB
Unevictable:          16 kB
Mlocked:              16 kB
HighTotal:       2279368 kB
HighFree:          40760 kB
LowTotal:         863072 kB
LowFree:          149108 kB
SwapTotal:             0 kB
SwapFree:              0 kB
Dirty:               580 kB
Writeback:             0 kB
AnonPages:       2809924 kB
Mapped:            56572 kB
Shmem:             44168 kB
Slab:              37168 kB
SReclaimable:      19088 kB
SUnreclaim:        18080 kB
KernelStack:        5512 kB
PageTables:        15412 kB
NFS_Unstable:          0 kB
Bounce:                0 kB
WritebackTmp:          0 kB
CommitLimit:     1571220 kB
Committed_AS:    6422664 kB
VmallocTotal:     122880 kB
VmallocUsed:           0 kB
VmallocChunk:          0 kB
AnonHugePages:   1400832 kB
CmaTotal:              0 kB
CmaFree:               0 kB
HugePages_Total:       0
HugePages_Free:        0
HugePages_Rsvd:        0
HugePages_Surp:        0
Hugepagesize:       2048 kB
DirectMap4k:       32760 kB
DirectMap2M:      880640 kB


CPU:total 4 (4 cores per cpu, 1 threads per core) family 6 model 60 stepping 3, cmov, cx8, fxsr, mmx, sse, sse2, sse3, ssse3, sse4.1, sse4.2, popcnt, avx, aes, clmul, lzcnt, tsc, tscinvbit

/proc/cpuinfo:
processor	: 0
vendor_id	: GenuineIntel
cpu family	: 6
model		: 60
model name	: Intel(R) Core(TM) i7-4790K CPU @ 4.00GHz
stepping	: 3
cpu MHz		: 3999.998
cache size	: 8192 KB
physical id	: 0
siblings	: 4
core id		: 0
cpu cores	: 4
apicid		: 0
initial apicid	: 0
fdiv_bug	: no
f00f_bug	: no
coma_bug	: no
fpu		: yes
fpu_exception	: yes
cpuid level	: 13
wp		: yes
flags		: fpu vme de pse tsc msr pae mce cx8 apic sep mtrr pge mca cmov pat pse36 clflush mmx fxsr sse sse2 ht nx rdtscp constant_tsc xtopology nonstop_tsc pni pclmulqdq ssse3 cx16 sse4_1 sse4_2 movbe popcnt aes xsave avx rdrand hypervisor lahf_lm abm
bugs		:
bogomips	: 7999.99
clflush size	: 64
cache_alignment	: 64
address sizes	: 39 bits physical, 48 bits virtual
power management:

processor	: 1
vendor_id	: GenuineIntel
cpu family	: 6
model		: 60
model name	: Intel(R) Core(TM) i7-4790K CPU @ 4.00GHz
stepping	: 3
cpu MHz		: 3999.998
cache size	: 8192 KB
physical id	: 0
siblings	: 4
core id		: 1
cpu cores	: 4
apicid		: 1
initial apicid	: 1
fdiv_bug	: no
f00f_bug	: no
coma_bug	: no
fpu		: yes
fpu_exception	: yes
cpuid level	: 13
wp		: yes
flags		: fpu vme de pse tsc msr pae mce cx8 apic sep mtrr pge mca cmov pat pse36 clflush mmx fxsr sse sse2 ht nx rdtscp constant_tsc xtopology nonstop_tsc pni pclmulqdq ssse3 cx16 sse4_1 sse4_2 movbe popcnt aes xsave avx rdrand hypervisor lahf_lm abm
bugs		:
bogomips	: 7999.99
clflush size	: 64
cache_alignment	: 64
address sizes	: 39 bits physical, 48 bits virtual
power management:

processor	: 2
vendor_id	: GenuineIntel
cpu family	: 6
model		: 60
model name	: Intel(R) Core(TM) i7-4790K CPU @ 4.00GHz
stepping	: 3
cpu MHz		: 3999.998
cache size	: 8192 KB
physical id	: 0
siblings	: 4
core id		: 2
cpu cores	: 4
apicid		: 2
initial apicid	: 2
fdiv_bug	: no
f00f_bug	: no
coma_bug	: no
fpu		: yes
fpu_exception	: yes
cpuid level	: 13
wp		: yes
flags		: fpu vme de pse tsc msr pae mce cx8 apic sep mtrr pge mca cmov pat pse36 clflush mmx fxsr sse sse2 ht nx rdtscp constant_tsc xtopology nonstop_tsc pni pclmulqdq ssse3 cx16 sse4_1 sse4_2 movbe popcnt aes xsave avx rdrand hypervisor lahf_lm abm
bugs		:
bogomips	: 7999.99
clflush size	: 64
cache_alignment	: 64
address sizes	: 39 bits physical, 48 bits virtual
power management:

processor	: 3
vendor_id	: GenuineIntel
cpu family	: 6
model		: 60
model name	: Intel(R) Core(TM) i7-4790K CPU @ 4.00GHz
stepping	: 3
cpu MHz		: 3999.998
cache size	: 8192 KB
physical id	: 0
siblings	: 4
core id		: 3
cpu cores	: 4
apicid		: 3
initial apicid	: 3
fdiv_bug	: no
f00f_bug	: no
coma_bug	: no
fpu		: yes
fpu_exception	: yes
cpuid level	: 13
wp		: yes
flags		: fpu vme de pse tsc msr pae mce cx8 apic sep mtrr pge mca cmov pat pse36 clflush mmx fxsr sse sse2 ht nx rdtscp constant_tsc xtopology nonstop_tsc pni pclmulqdq ssse3 cx16 sse4_1 sse4_2 movbe popcnt aes xsave avx rdrand hypervisor lahf_lm abm
bugs		:
bogomips	: 7999.99
clflush size	: 64
cache_alignment	: 64
address sizes	: 39 bits physical, 48 bits virtual
power management:



Memory: 4k page, physical 3142440k(189868k free), swap 0k(0k free)

vm_info: Java HotSpot(TM) Server VM (25.91-b14) for linux-x86 JRE (1.8.0_91-b14), built on Apr  1 2016 01:01:13 by "java_re" with gcc 4.3.0 20080428 (Red Hat 4.3.0-8)

time: Mon Apr  3 17:29:59 2017
elapsed time: 19 seconds (0d 0h 0m 19s)

